! Setting executable does not persist on exit.
→ Checking for Blimp Update...

ITERATION HISTORY:

  Chain 1 burn-in started on Jun 17 18:17:53 2026
  Chain 3 burn-in started on Jun 17 18:17:53 2026
  Chain 2 burn-in started on Jun 17 18:17:53 2026
  Chain 4 burn-in started on Jun 17 18:17:53 2026
  Chain 2 burn-in iteration 2500 completed on Jun 17 18:17:54 2026
  Chain 1 burn-in iteration 2500 completed on Jun 17 18:17:54 2026
  Chain 3 burn-in iteration 2500 completed on Jun 17 18:17:54 2026
  Chain 4 burn-in iteration 2500 completed on Jun 17 18:17:54 2026
  Chain 3 burn-in iteration 5000 completed on Jun 17 18:17:56 2026
  Chain 2 burn-in iteration 5000 completed on Jun 17 18:17:56 2026
  Chain 1 burn-in iteration 5000 completed on Jun 17 18:17:56 2026
  Chain 4 burn-in iteration 5000 completed on Jun 17 18:17:56 2026
  Chain 3 burn-in iteration 7500 completed on Jun 17 18:17:57 2026
  Chain 2 burn-in iteration 7500 completed on Jun 17 18:17:57 2026
  Chain 1 burn-in iteration 7500 completed on Jun 17 18:17:57 2026
  Chain 4 burn-in iteration 7500 completed on Jun 17 18:17:57 2026
  Chain 2 burn-in iteration 10000 completed on Jun 17 18:17:59 2026
  Chain 2 completed burn-in on Jun 17 18:17:59 2026
  Chain 1 burn-in iteration 10000 completed on Jun 17 18:17:59 2026
  Chain 1 completed burn-in on Jun 17 18:17:59 2026
  Chain 3 burn-in iteration 10000 completed on Jun 17 18:17:59 2026
  Chain 3 completed burn-in on Jun 17 18:17:59 2026
  Chain 4 burn-in iteration 10000 completed on Jun 17 18:17:59 2026
  Chain 4 completed burn-in on Jun 17 18:17:59 2026
  Chain 1 completed iteration 625 on Jun 17 18:17:59 2026
  Chain 4 completed iteration 625 on Jun 17 18:17:59 2026
  Chain 2 completed iteration 625 on Jun 17 18:17:59 2026
  Chain 3 completed iteration 625 on Jun 17 18:17:59 2026
  Chain 1 completed iteration 1250 on Jun 17 18:18:00 2026
  Chain 4 completed iteration 1250 on Jun 17 18:18:00 2026
  Chain 2 completed iteration 1250 on Jun 17 18:18:00 2026
  Chain 3 completed iteration 1250 on Jun 17 18:18:00 2026
  Chain 1 completed iteration 1875 on Jun 17 18:18:01 2026
  Chain 4 completed iteration 1875 on Jun 17 18:18:01 2026
  Chain 2 completed iteration 1875 on Jun 17 18:18:01 2026
  Chain 3 completed iteration 1875 on Jun 17 18:18:01 2026
  Chain 1 completed iteration 2500 on Jun 17 18:18:01 2026
  Chain 1 finished on Jun 17 18:18:01 2026
  Chain 4 completed iteration 2500 on Jun 17 18:18:01 2026
  Chain 4 finished on Jun 17 18:18:01 2026
  Chain 2 completed iteration 2500 on Jun 17 18:18:01 2026
  Chain 2 finished on Jun 17 18:18:01 2026
  Chain 3 completed iteration 2500 on Jun 17 18:18:01 2026
  Chain 3 finished on Jun 17 18:18:01 2026


---------------------------------------------------------------------------

                                   Blimp
                              4.0.5-nightly15

             Blimp was developed with funding from Institute of
           Education Sciences awards R305D150056 and R305D190002.

            Craig K. Enders, P.I. Email: cenders@psych.ucla.edu
           Brian T. Keller, Co-P.I. Email: btkeller@missouri.edu
                 Han Du, Co-P.I. Email: hdu@psych.ucla.edu
                 Roy Levy, Co-P.I. Email: roy.levy@asu.edu

              Programming and Blimp Studio by Brian T. Keller

                   There is no expressed license given.

---------------------------------------------------------------------------


ALGORITHMIC OPTIONS SPECIFIED:

  Imputation method:                 Fully Bayesian model-based
  MCMC algorithm:                    Full conditional Metropolis sampler with
                                       Auto-Derived Conditional Distributions
  Default Priors:
    Multilevel covariance matrices:  Not applicable, single-level imputation
    Outcome covariance matrices:     Zero matrix, df = -(p + 1) (PRIOR2)
    Predictor model variances:       Unit sum of squares, df = 2 (XPRIOR1)
  Chain Starting Values:             Random starting values


  NOTE: The default prior for regression coefficients 
        in categorical models is 'normal( 0.0, 5.0)'

  NOTE: For complete list of priors include 'pinfo' in the options.

  NOTE: The following nominal variables have automatically
        been assigned a reference group.

          'educ' with reference value '1'

        To change reference group use the following command:
          NOMINAL: variable_name(reference_value);


BURN-IN POTENTIAL SCALE REDUCTION (PSR) OUTPUT:

  NOTE: Rank-normalized Rhat (Vehtari et al., 2021) is being used.
        This applies rank normalization and chain folding for robust
        convergence detection across all chains.

  Comparing iterations across 4 chains     Highest Rhat   Parameter #  
                          251 to 500             1.092            29  
                          501 to 1000            1.056            28  
                          751 to 1500            1.039            30  
                         1001 to 2000            1.017            30  
                         1251 to 2500            1.011            30  
                         1501 to 3000            1.009            25  
                         1751 to 3500            1.020            26  
                         2001 to 4000            1.010            29  
                         2251 to 4500            1.010            26  
                         2501 to 5000            1.011            26  
                         2751 to 5500            1.011            26  
                         3001 to 6000            1.008            26  
                         3251 to 6500            1.007            26  
                         3501 to 7000            1.010            30  
                         3751 to 7500            1.008            28  
                         4001 to 8000            1.006            26  
                         4251 to 8500            1.009            26  
                         4501 to 9000            1.008            26  
                         4751 to 9500            1.008            26  
                         5001 to 10000           1.007            26  


METROPOLIS-HASTINGS ACCEPTANCE RATES:

  Chain 1:

    Variable                            Type    Probability   Target Value 
    age                            parameter          0.467          0.500 
    parsmoke                      imputation          0.497          0.500 
    educ                          imputation          0.499          0.500 

  NOTE: Suppressing printing of 3 chains.
        Use keyword 'tuneinfo' in options to override.


DATA INFORMATION:

  Sample Size:              2000
  Nominal Dummy Codes:

                     educ = educ.2 educ.3
  Missing Data Info:

                      Pattern #:       1     2     3     4     5     6     7     8
                          miss % --------------------------------------------------
               cigsperday = 21.2       -     M     -     -     M     M     -     M  
                      age =  0.0       -     -     -     -     -     -     -     -  
                 parsmoke =  3.6       -     -     -     M     M     -     M     M  
                     educ =  5.4       -     -     M     -     -     M     M     M  
                                 --------------------------------------------------
                                 %  71.9  19.4   4.3   2.5   0.9   0.9   0.2   0.1


MODEL INFORMATION:

  NUMBER OF PARAMETERS
    Outcome Models:         6
    Predictor Models:       15

  PREDICTORS
    Complete continuous:    age
    Incomplete ordinal:     parsmoke
    Incomplete nominal:     educ

  CENTERED PREDICTORS
    Grand Mean Centered:    age

  MODELS
    [1]  cigsperday ~ Intercept parsmoke educ.2 educ.3 age


 WARNING MESSAGES:

  No warning messages.


MODEL FIT:


  INFORMATION CRITERIA

    Conditional Likelihood
      DIC2                  10654.779
      WAIC                  10819.912


IMPUTED DATA SUMMARIES:

  NOTE: Imputed data summaries are averaged across 10000 data sets.


Variables                              Mean     StdDev        25%        50%        75%        Min        Max 
                                ------------------------------------------------------------------------------

  cigsperday                          4.978      3.865      2.129      4.000      7.000     -6.326     24.000 
  age                                21.549      2.321     20.000     22.000     24.000     18.000     25.000 
  parsmoke                            0.452      0.498      0.000      0.000      1.000      0.000      1.000 
  educ.2                              0.629      0.483      0.000      1.000      1.000      0.000      1.000 
  educ.3                              0.283      0.450      0.000      0.000      1.000      0.000      1.000 

                                ------------------------------------------------------------------------------



CORRELATIONS AMONG RESIDUALS:

  No residual correlations.



OUTCOME MODEL ESTIMATES:

  Summaries based on 10000 iterations using 4 chains.
  NOTE: Estimate column based on posterior median.


Outcome Variable:  cigsperday 

Grand Mean Centered: age


Parameters                         Estimate     StdDev       2.5%      97.5%      ChiSq     PValue      N_Eff 
                                ------------------------------------------------------------------------------
Variances:                      
  Residual Var.                      11.223      0.410     10.476     12.067        ---        ---   6389.101 

Coefficients:                   
  Intercept                           4.505      0.332      3.855      5.153    183.383      0.000   3397.069 
  parsmoke                            2.633      0.172      2.299      2.980    233.947      0.000   5954.157 
  educ.2                             -0.549      0.340     -1.216      0.109      2.640      0.104   3160.097 
  educ.3                             -1.289      0.358     -1.984     -0.589     12.972      0.000   3750.135 
  age                                 0.587      0.037      0.516      0.659    256.699      0.000   6331.553 

Standard Deviations:            
  Residual SD                         3.350      0.061      3.237      3.474        ---        ---   6394.055 

Standardized Coefficients:      
  parsmoke                            0.339      0.020      0.298      0.378    274.111      0.000   5918.045 
  educ.2                             -0.069      0.042     -0.152      0.014      2.648      0.104   3143.766 
  educ.3                             -0.150      0.041     -0.230     -0.068     13.072      0.000   3753.684 
  age                                 0.352      0.020      0.312      0.390    308.517      0.000   6213.037 

Proportion Variance Explained   
  by Coefficients                     0.252      0.018      0.216      0.287        ---        ---   6186.049 
  by Residual Variation               0.748      0.018      0.713      0.784        ---        ---   6186.049 

                                ------------------------------------------------------------------------------




PREDICTOR MODEL ESTIMATES:

  Summaries based on 10000 iterations using 4 chains.
  NOTE: Estimate column based on posterior median.



Complete predictor: age        

Parameters                         Estimate     StdDev       2.5%      97.5%      ChiSq     PValue      N_Eff 
                                ------------------------------------------------------------------------------

Grand Mean                           21.552      0.052     21.446     21.654  1.695e+05      0.000   1907.033 

Level 1:                                                                                                      
  parsmoke                           -0.036      0.070     -0.172      0.102      0.256      0.613   3470.909 
  educ.2                             -0.002      0.087     -0.175      0.170      0.001      0.977   1833.993 
  educ.3                              0.126      0.096     -0.063      0.311      1.688      0.194   1117.515 
  Residual Var.                       5.361      0.173      5.035      5.714        ---        ---   9565.370 
                                                                                                              
                                ------------------------------------------------------------------------------



Missing predictor:  parsmoke   

Parameters                         Estimate     StdDev       2.5%      97.5%      ChiSq     PValue      N_Eff 
                                ------------------------------------------------------------------------------

Grand Mean                           -0.126      0.030     -0.184     -0.069     18.283      0.000   3939.260 

Level 1:                                                                                                      
  age                                -0.007      0.013     -0.031      0.019      0.266      0.606   2834.157 
  educ.2                              0.103      0.046      0.014      0.195      5.033      0.025   1098.028 
  educ.3                             -0.302      0.047     -0.392     -0.207     41.303      0.000    878.379 
  Residual Var.                       1.000      0.000      1.000      1.000        ---        ---        --- 
Thresholds:                                                                                                   
  Tau 1                               0.000      0.000      0.000      0.000        ---        ---        --- 
                                                                                                              
                                ------------------------------------------------------------------------------



Missing predictor:  educ       

Parameters                         Estimate     StdDev       2.5%      97.5%      ChiSq     PValue      N_Eff 
                                ------------------------------------------------------------------------------

Grand Mean: educ.2                    1.059      0.040      0.981      1.138    699.969      0.000    622.842 
Grand Mean: educ.3                    0.565      0.043      0.481      0.650    173.349      0.000    586.365 

Level 1:                                                                                                      
  educ.2 ~ age                        0.011      0.017     -0.023      0.045      0.432      0.511    778.368 
  educ.2 ~ parsmoke                  -0.049      0.046     -0.136      0.048      1.046      0.306    569.201 
  educ.3 ~ age                        0.023      0.018     -0.012      0.059      1.636      0.201    691.137 
  educ.3 ~ parsmoke                  -0.251      0.047     -0.342     -0.155     27.694      0.000    525.488 
  Var(educ.2)                         1.000      0.000      1.000      1.000        ---        ---        --- 
  Cov(educ.3, educ.2)                 0.500      0.000      0.500      0.500        ---        ---        --- 
  Var(educ.3)                         1.000      0.000      1.000      1.000        ---        ---        --- 
                                                                                                              
                                ------------------------------------------------------------------------------



ITERATION HISTORY:

  Chain 4 burn-in started on Jun 17 18:18:05 2026
  Chain 2 burn-in started on Jun 17 18:18:05 2026
  Chain 1 burn-in started on Jun 17 18:18:05 2026
  Chain 3 burn-in started on Jun 17 18:18:05 2026
  Chain 1 burn-in iteration 2500 completed on Jun 17 18:18:07 2026
  Chain 2 burn-in iteration 2500 completed on Jun 17 18:18:07 2026
  Chain 3 burn-in iteration 2500 completed on Jun 17 18:18:07 2026
  Chain 4 burn-in iteration 2500 completed on Jun 17 18:18:07 2026
  Chain 1 burn-in iteration 5000 completed on Jun 17 18:18:08 2026
  Chain 2 burn-in iteration 5000 completed on Jun 17 18:18:08 2026
  Chain 3 burn-in iteration 5000 completed on Jun 17 18:18:08 2026
  Chain 4 burn-in iteration 5000 completed on Jun 17 18:18:08 2026
  Chain 1 burn-in iteration 7500 completed on Jun 17 18:18:10 2026
  Chain 2 burn-in iteration 7500 completed on Jun 17 18:18:10 2026
  Chain 3 burn-in iteration 7500 completed on Jun 17 18:18:10 2026
  Chain 4 burn-in iteration 7500 completed on Jun 17 18:18:10 2026
  Chain 1 burn-in iteration 10000 completed on Jun 17 18:18:11 2026
  Chain 1 completed burn-in on Jun 17 18:18:11 2026
  Chain 2 burn-in iteration 10000 completed on Jun 17 18:18:11 2026
  Chain 2 completed burn-in on Jun 17 18:18:11 2026
  Chain 3 burn-in iteration 10000 completed on Jun 17 18:18:11 2026
  Chain 3 completed burn-in on Jun 17 18:18:11 2026
  Chain 4 burn-in iteration 10000 completed on Jun 17 18:18:11 2026
  Chain 4 completed burn-in on Jun 17 18:18:11 2026
  Chain 1 completed iteration 625 on Jun 17 18:18:12 2026
  Chain 3 completed iteration 625 on Jun 17 18:18:12 2026
  Chain 2 completed iteration 625 on Jun 17 18:18:12 2026
  Chain 4 completed iteration 625 on Jun 17 18:18:12 2026
  Chain 1 completed iteration 1250 on Jun 17 18:18:13 2026
  Chain 3 completed iteration 1250 on Jun 17 18:18:13 2026
  Chain 2 completed iteration 1250 on Jun 17 18:18:13 2026
  Chain 4 completed iteration 1250 on Jun 17 18:18:13 2026
  Chain 1 completed iteration 1875 on Jun 17 18:18:13 2026
  Chain 2 completed iteration 1875 on Jun 17 18:18:13 2026
  Chain 3 completed iteration 1875 on Jun 17 18:18:13 2026
  Chain 4 completed iteration 1875 on Jun 17 18:18:13 2026
  Chain 1 completed iteration 2500 on Jun 17 18:18:14 2026
  Chain 1 finished on Jun 17 18:18:14 2026
  Chain 2 completed iteration 2500 on Jun 17 18:18:14 2026
  Chain 2 finished on Jun 17 18:18:14 2026
  Chain 3 completed iteration 2500 on Jun 17 18:18:14 2026
  Chain 3 finished on Jun 17 18:18:14 2026
  Chain 4 completed iteration 2500 on Jun 17 18:18:14 2026
  Chain 4 finished on Jun 17 18:18:14 2026


---------------------------------------------------------------------------

                                   Blimp
                              4.0.5-nightly15

             Blimp was developed with funding from Institute of
           Education Sciences awards R305D150056 and R305D190002.

            Craig K. Enders, P.I. Email: cenders@psych.ucla.edu
           Brian T. Keller, Co-P.I. Email: btkeller@missouri.edu
                 Han Du, Co-P.I. Email: hdu@psych.ucla.edu
                 Roy Levy, Co-P.I. Email: roy.levy@asu.edu

              Programming and Blimp Studio by Brian T. Keller

                   There is no expressed license given.

---------------------------------------------------------------------------


ALGORITHMIC OPTIONS SPECIFIED:

  Imputation method:                 Fully Bayesian model-based
  MCMC algorithm:                    Full conditional Metropolis sampler with
                                       Auto-Derived Conditional Distributions
  Default Priors:
    Multilevel covariance matrices:  Not applicable, single-level imputation
    Outcome covariance matrices:     Zero matrix, df = -(p + 1) (PRIOR2)
    Predictor model variances:       Unit sum of squares, df = 2 (XPRIOR1)
  Chain Starting Values:             Random starting values


  NOTE: The default prior for regression coefficients 
        in categorical models is 'normal( 0.0, 5.0)'

  NOTE: For complete list of priors include 'pinfo' in the options.

  NOTE: The following nominal variables have automatically
        been assigned a reference group.

          'educ' with reference value '1'

        To change reference group use the following command:
          NOMINAL: variable_name(reference_value);


BURN-IN POTENTIAL SCALE REDUCTION (PSR) OUTPUT:

  NOTE: Rank-normalized Rhat (Vehtari et al., 2021) is being used.
        This applies rank normalization and chain folding for robust
        convergence detection across all chains.

  Comparing iterations across 4 chains     Highest Rhat   Parameter #  
                          251 to 500             1.092            33  
                          501 to 1000            1.056            32  
                          751 to 1500            1.039            34  
                         1001 to 2000            1.017            34  
                         1251 to 2500            1.011            34  
                         1501 to 3000            1.009            29  
                         1751 to 3500            1.020            30  
                         2001 to 4000            1.010            33  
                         2251 to 4500            1.010            30  
                         2501 to 5000            1.011            30  
                         2751 to 5500            1.011            30  
                         3001 to 6000            1.008            30  
                         3251 to 6500            1.007            30  
                         3501 to 7000            1.010            34  
                         3751 to 7500            1.008            32  
                         4001 to 8000            1.006            30  
                         4251 to 8500            1.009            30  
                         4501 to 9000            1.008            30  
                         4751 to 9500            1.008            30  
                         5001 to 10000           1.007            30  


METROPOLIS-HASTINGS ACCEPTANCE RATES:

  Chain 1:

    Variable                            Type    Probability   Target Value 
    age                            parameter          0.467          0.500 
    parsmoke                      imputation          0.497          0.500 
    educ                          imputation          0.499          0.500 

  NOTE: Suppressing printing of 3 chains.
        Use keyword 'tuneinfo' in options to override.


DATA INFORMATION:

  Sample Size:              2000
  Nominal Dummy Codes:

                     educ = educ.2 educ.3
  Missing Data Info:

                      Pattern #:       1     2     3     4     5     6     7     8
                          miss % --------------------------------------------------
               cigsperday = 21.2       -     M     -     -     M     M     -     M  
                      age =  0.0       -     -     -     -     -     -     -     -  
                 parsmoke =  3.6       -     -     -     M     M     -     M     M  
                     educ =  5.4       -     -     M     -     -     M     M     M  
                                 --------------------------------------------------
                                 %  71.9  19.4   4.3   2.5   0.9   0.9   0.2   0.1


MODEL INFORMATION:

  NUMBER OF PARAMETERS
    Outcome Models:         6
    Generated Parameters:   4
    Predictor Models:       15

  PREDICTORS
    Complete continuous:    age
    Incomplete ordinal:     parsmoke
    Incomplete nominal:     educ

  CENTERED PREDICTORS
    Grand Mean Centered:    age

  MODELS
    [1]  cigsperday ~ Intercept@b0 parsmoke@b1 educ.2@b2 educ.3@b3 age

  GENERATED PARAMETERS
    [1]  mean_educ1 = b0+(.452*b1)
    [2]  mean_educ2 = mean_educ1+b2
    [3]  mean_educ3 = mean_educ1+b3
    [4]  educ2_vs_educ3 = mean_educ3-mean_educ2


 WARNING MESSAGES:

  No warning messages.


MODEL FIT:


  INFORMATION CRITERIA

    Conditional Likelihood
      DIC2                  10654.779
      WAIC                  10819.912


IMPUTED DATA SUMMARIES:

  NOTE: Imputed data summaries are averaged across 10000 data sets.


Variables                              Mean     StdDev        25%        50%        75%        Min        Max 
                                ------------------------------------------------------------------------------

  cigsperday                          4.978      3.865      2.129      4.000      7.000     -6.326     24.000 
  age                                21.549      2.321     20.000     22.000     24.000     18.000     25.000 
  parsmoke                            0.452      0.498      0.000      0.000      1.000      0.000      1.000 
  educ.2                              0.629      0.483      0.000      1.000      1.000      0.000      1.000 
  educ.3                              0.283      0.450      0.000      0.000      1.000      0.000      1.000 

                                ------------------------------------------------------------------------------



CORRELATIONS AMONG RESIDUALS:

  No residual correlations.



OUTCOME MODEL ESTIMATES:

  Summaries based on 10000 iterations using 4 chains.
  NOTE: Estimate column based on posterior median.


Outcome Variable:  cigsperday 

Grand Mean Centered: age


Parameters                         Estimate     StdDev       2.5%      97.5%      ChiSq     PValue      N_Eff 
                                ------------------------------------------------------------------------------
Variances:                      
  Residual Var.                      11.223      0.410     10.476     12.067        ---        ---   6389.101 

Coefficients:                   
  Intercept                           4.505      0.332      3.855      5.153    183.383      0.000   3397.069 
  parsmoke                            2.633      0.172      2.299      2.980    233.947      0.000   5954.157 
  educ.2                             -0.549      0.340     -1.216      0.109      2.640      0.104   3160.097 
  educ.3                             -1.289      0.358     -1.984     -0.589     12.972      0.000   3750.135 
  age                                 0.587      0.037      0.516      0.659    256.699      0.000   6331.553 

Standard Deviations:            
  Residual SD                         3.350      0.061      3.237      3.474        ---        ---   6394.055 

Standardized Coefficients:      
  parsmoke                            0.339      0.020      0.298      0.378    274.111      0.000   5918.045 
  educ.2                             -0.069      0.042     -0.152      0.014      2.648      0.104   3143.766 
  educ.3                             -0.150      0.041     -0.230     -0.068     13.072      0.000   3753.684 
  age                                 0.352      0.020      0.312      0.390    308.517      0.000   6213.037 

Proportion Variance Explained   
  by Coefficients                     0.252      0.018      0.216      0.287        ---        ---   6186.049 
  by Residual Variation               0.748      0.018      0.713      0.784        ---        ---   6186.049 

                                ------------------------------------------------------------------------------



GENERATED PARAMETERS:

  Summaries based on 10000 iterations using 4 chains.
  NOTE: Estimate column based on posterior median.


Parameters                         Estimate     StdDev       2.5%      97.5%      ChiSq     PValue      N_Eff 
                                ------------------------------------------------------------------------------

  mean_educ1                          5.690      0.319      5.070      6.314    318.429      0.000   3355.182 
  mean_educ2                          5.141      0.112      4.915      5.358   2097.458      0.000   4527.531 
  mean_educ3                          4.405      0.167      4.072      4.731    699.084      0.000   5016.980 
  educ2_vs_educ3                     -0.739      0.198     -1.126     -0.346     13.888      0.000   5092.535 

                                ------------------------------------------------------------------------------


PREDICTOR MODEL ESTIMATES:

  Summaries based on 10000 iterations using 4 chains.
  NOTE: Estimate column based on posterior median.



Complete predictor: age        

Parameters                         Estimate     StdDev       2.5%      97.5%      ChiSq     PValue      N_Eff 
                                ------------------------------------------------------------------------------

Grand Mean                           21.552      0.052     21.446     21.654  1.695e+05      0.000   1907.033 

Level 1:                                                                                                      
  parsmoke                           -0.036      0.070     -0.172      0.102      0.256      0.613   3470.909 
  educ.2                             -0.002      0.087     -0.175      0.170      0.001      0.977   1833.993 
  educ.3                              0.126      0.096     -0.063      0.311      1.688      0.194   1117.515 
  Residual Var.                       5.361      0.173      5.035      5.714        ---        ---   9565.370 
                                                                                                              
                                ------------------------------------------------------------------------------



Missing predictor:  parsmoke   

Parameters                         Estimate     StdDev       2.5%      97.5%      ChiSq     PValue      N_Eff 
                                ------------------------------------------------------------------------------

Grand Mean                           -0.126      0.030     -0.184     -0.069     18.283      0.000   3939.260 

Level 1:                                                                                                      
  age                                -0.007      0.013     -0.031      0.019      0.266      0.606   2834.157 
  educ.2                              0.103      0.046      0.014      0.195      5.033      0.025   1098.028 
  educ.3                             -0.302      0.047     -0.392     -0.207     41.303      0.000    878.379 
  Residual Var.                       1.000      0.000      1.000      1.000        ---        ---        --- 
Thresholds:                                                                                                   
  Tau 1                               0.000      0.000      0.000      0.000        ---        ---        --- 
                                                                                                              
                                ------------------------------------------------------------------------------



Missing predictor:  educ       

Parameters                         Estimate     StdDev       2.5%      97.5%      ChiSq     PValue      N_Eff 
                                ------------------------------------------------------------------------------

Grand Mean: educ.2                    1.059      0.040      0.981      1.138    699.969      0.000    622.842 
Grand Mean: educ.3                    0.565      0.043      0.481      0.650    173.349      0.000    586.365 

Level 1:                                                                                                      
  educ.2 ~ age                        0.011      0.017     -0.023      0.045      0.432      0.511    778.368 
  educ.2 ~ parsmoke                  -0.049      0.046     -0.136      0.048      1.046      0.306    569.201 
  educ.3 ~ age                        0.023      0.018     -0.012      0.059      1.636      0.201    691.137 
  educ.3 ~ parsmoke                  -0.251      0.047     -0.342     -0.155     27.694      0.000    525.488 
  Var(educ.2)                         1.000      0.000      1.000      1.000        ---        ---        --- 
  Cov(educ.3, educ.2)                 0.500      0.000      0.500      0.500        ---        ---        --- 
  Var(educ.3)                         1.000      0.000      1.000      1.000        ---        ---        --- 
                                                                                                              
                                ------------------------------------------------------------------------------



ITERATION HISTORY:

  Chain 1 burn-in started on Jun 17 18:18:18 2026
  Chain 2 burn-in started on Jun 17 18:18:18 2026
  Chain 4 burn-in started on Jun 17 18:18:18 2026
  Chain 3 burn-in started on Jun 17 18:18:18 2026
  Chain 4 burn-in iteration 2500 completed on Jun 17 18:18:19 2026
  Chain 2 burn-in iteration 2500 completed on Jun 17 18:18:19 2026
  Chain 3 burn-in iteration 2500 completed on Jun 17 18:18:19 2026
  Chain 1 burn-in iteration 2500 completed on Jun 17 18:18:19 2026
  Chain 4 burn-in iteration 5000 completed on Jun 17 18:18:21 2026
  Chain 2 burn-in iteration 5000 completed on Jun 17 18:18:21 2026
  Chain 3 burn-in iteration 5000 completed on Jun 17 18:18:21 2026
  Chain 1 burn-in iteration 5000 completed on Jun 17 18:18:21 2026
  Chain 4 burn-in iteration 7500 completed on Jun 17 18:18:22 2026
  Chain 3 burn-in iteration 7500 completed on Jun 17 18:18:22 2026
  Chain 2 burn-in iteration 7500 completed on Jun 17 18:18:22 2026
  Chain 1 burn-in iteration 7500 completed on Jun 17 18:18:22 2026
  Chain 4 burn-in iteration 10000 completed on Jun 17 18:18:24 2026
  Chain 4 completed burn-in on Jun 17 18:18:24 2026
  Chain 3 burn-in iteration 10000 completed on Jun 17 18:18:24 2026
  Chain 3 completed burn-in on Jun 17 18:18:24 2026
  Chain 2 burn-in iteration 10000 completed on Jun 17 18:18:24 2026
  Chain 2 completed burn-in on Jun 17 18:18:24 2026
  Chain 1 burn-in iteration 10000 completed on Jun 17 18:18:24 2026
  Chain 1 completed burn-in on Jun 17 18:18:24 2026
  Chain 4 saved imputation 4 on Jun 17 18:18:24 2026
  Chain 3 saved imputation 3 on Jun 17 18:18:24 2026
  Chain 2 saved imputation 2 on Jun 17 18:18:24 2026
  Chain 1 saved imputation 1 on Jun 17 18:18:24 2026
  Chain 4 completed iteration 625 on Jun 17 18:18:24 2026
  Chain 3 completed iteration 625 on Jun 17 18:18:24 2026
  Chain 2 completed iteration 625 on Jun 17 18:18:24 2026
  Chain 1 completed iteration 625 on Jun 17 18:18:24 2026
  Chain 2 saved imputation 6 on Jun 17 18:18:25 2026
  Chain 4 saved imputation 8 on Jun 17 18:18:25 2026
  Chain 3 saved imputation 7 on Jun 17 18:18:25 2026
  Chain 1 saved imputation 5 on Jun 17 18:18:25 2026
  Chain 2 completed iteration 1250 on Jun 17 18:18:25 2026
  Chain 4 completed iteration 1250 on Jun 17 18:18:25 2026
  Chain 3 completed iteration 1250 on Jun 17 18:18:25 2026
  Chain 1 completed iteration 1250 on Jun 17 18:18:25 2026
  Chain 2 saved imputation 10 on Jun 17 18:18:25 2026
  Chain 4 saved imputation 12 on Jun 17 18:18:25 2026
  Chain 3 saved imputation 11 on Jun 17 18:18:25 2026
  Chain 1 saved imputation 9 on Jun 17 18:18:25 2026
  Chain 4 completed iteration 1875 on Jun 17 18:18:26 2026
  Chain 2 completed iteration 1875 on Jun 17 18:18:26 2026
  Chain 3 completed iteration 1875 on Jun 17 18:18:26 2026
  Chain 1 completed iteration 1875 on Jun 17 18:18:26 2026
  Chain 4 saved imputation 16 on Jun 17 18:18:26 2026
  Chain 3 saved imputation 15 on Jun 17 18:18:26 2026
  Chain 2 saved imputation 14 on Jun 17 18:18:26 2026
  Chain 1 saved imputation 13 on Jun 17 18:18:26 2026
  Chain 3 completed iteration 2500 on Jun 17 18:18:26 2026
  Chain 3 saved imputation 19 on Jun 17 18:18:26 2026
  Chain 3 finished on Jun 17 18:18:26 2026
  Chain 4 completed iteration 2500 on Jun 17 18:18:26 2026
  Chain 4 saved imputation 20 on Jun 17 18:18:26 2026
  Chain 2 completed iteration 2500 on Jun 17 18:18:26 2026
  Chain 2 saved imputation 18 on Jun 17 18:18:26 2026
  Chain 4 finished on Jun 17 18:18:26 2026
  Chain 2 finished on Jun 17 18:18:26 2026
  Chain 1 completed iteration 2500 on Jun 17 18:18:26 2026
  Chain 1 saved imputation 17 on Jun 17 18:18:26 2026
  Chain 1 finished on Jun 17 18:18:26 2026


---------------------------------------------------------------------------

                                   Blimp
                              4.0.5-nightly15

             Blimp was developed with funding from Institute of
           Education Sciences awards R305D150056 and R305D190002.

            Craig K. Enders, P.I. Email: cenders@psych.ucla.edu
           Brian T. Keller, Co-P.I. Email: btkeller@missouri.edu
                 Han Du, Co-P.I. Email: hdu@psych.ucla.edu
                 Roy Levy, Co-P.I. Email: roy.levy@asu.edu

              Programming and Blimp Studio by Brian T. Keller

                   There is no expressed license given.

---------------------------------------------------------------------------


ALGORITHMIC OPTIONS SPECIFIED:

  Imputation method:                 Fully Bayesian model-based
  MCMC algorithm:                    Full conditional Metropolis sampler with
                                       Auto-Derived Conditional Distributions
  Default Priors:
    Multilevel covariance matrices:  Not applicable, single-level imputation
    Outcome covariance matrices:     Zero matrix, df = -(p + 1) (PRIOR2)
    Predictor model variances:       Unit sum of squares, df = 2 (XPRIOR1)
  Chain Starting Values:             Random starting values


  NOTE: The default prior for regression coefficients 
        in categorical models is 'normal( 0.0, 5.0)'

  NOTE: For complete list of priors include 'pinfo' in the options.

  NOTE: The following nominal variables have automatically
        been assigned a reference group.

          'educ' with reference value '1'

        To change reference group use the following command:
          NOMINAL: variable_name(reference_value);


BURN-IN POTENTIAL SCALE REDUCTION (PSR) OUTPUT:

  NOTE: Rank-normalized Rhat (Vehtari et al., 2021) is being used.
        This applies rank normalization and chain folding for robust
        convergence detection across all chains.

  Comparing iterations across 4 chains     Highest Rhat   Parameter #  
                          251 to 500             1.092            29  
                          501 to 1000            1.056            28  
                          751 to 1500            1.039            30  
                         1001 to 2000            1.017            30  
                         1251 to 2500            1.011            30  
                         1501 to 3000            1.009            25  
                         1751 to 3500            1.020            26  
                         2001 to 4000            1.010            29  
                         2251 to 4500            1.010            26  
                         2501 to 5000            1.011            26  
                         2751 to 5500            1.011            26  
                         3001 to 6000            1.008            26  
                         3251 to 6500            1.007            26  
                         3501 to 7000            1.010            30  
                         3751 to 7500            1.008            28  
                         4001 to 8000            1.006            26  
                         4251 to 8500            1.009            26  
                         4501 to 9000            1.008            26  
                         4751 to 9500            1.008            26  
                         5001 to 10000           1.007            26  


METROPOLIS-HASTINGS ACCEPTANCE RATES:

  Chain 1:

    Variable                            Type    Probability   Target Value 
    age                            parameter          0.467          0.500 
    parsmoke                      imputation          0.497          0.500 
    educ                          imputation          0.499          0.500 

  NOTE: Suppressing printing of 3 chains.
        Use keyword 'tuneinfo' in options to override.


DATA INFORMATION:

  Sample Size:              2000
  Nominal Dummy Codes:

                     educ = educ.2 educ.3
  Missing Data Info:

                      Pattern #:       1     2     3     4     5     6     7     8
                          miss % --------------------------------------------------
               cigsperday = 21.2       -     M     -     -     M     M     -     M  
                      age =  0.0       -     -     -     -     -     -     -     -  
                 parsmoke =  3.6       -     -     -     M     M     -     M     M  
                     educ =  5.4       -     -     M     -     -     M     M     M  
                                 --------------------------------------------------
                                 %  71.9  19.4   4.3   2.5   0.9   0.9   0.2   0.1


MODEL INFORMATION:

  NUMBER OF PARAMETERS
    Outcome Models:         6
    Predictor Models:       15

  PREDICTORS
    Complete continuous:    age
    Incomplete ordinal:     parsmoke
    Incomplete nominal:     educ

  CENTERED PREDICTORS
    Grand Mean Centered:    age

  MODELS
    [1]  cigsperday ~ Intercept parsmoke educ.2 educ.3 age


 WARNING MESSAGES:

  No warning messages.


MODEL FIT:


  INFORMATION CRITERIA

    Conditional Likelihood
      DIC2                  10654.779
      WAIC                  10819.912


IMPUTED DATA SUMMARIES:

  NOTE: Imputed data summaries are averaged across 10000 data sets.


Variables                              Mean     StdDev        25%        50%        75%        Min        Max 
                                ------------------------------------------------------------------------------

  cigsperday                          4.978      3.865      2.129      4.000      7.000     -6.326     24.000 
  age                                21.549      2.321     20.000     22.000     24.000     18.000     25.000 
  parsmoke                            0.452      0.498      0.000      0.000      1.000      0.000      1.000 
  educ.2                              0.629      0.483      0.000      1.000      1.000      0.000      1.000 
  educ.3                              0.283      0.450      0.000      0.000      1.000      0.000      1.000 

                                ------------------------------------------------------------------------------



CORRELATIONS AMONG RESIDUALS:

  No residual correlations.



OUTCOME MODEL ESTIMATES:

  Summaries based on 10000 iterations using 4 chains.
  NOTE: Estimate column based on posterior median.


Outcome Variable:  cigsperday 

Grand Mean Centered: age


Parameters                         Estimate     StdDev       2.5%      97.5%      ChiSq     PValue      N_Eff 
                                ------------------------------------------------------------------------------
Variances:                      
  Residual Var.                      11.223      0.410     10.476     12.067        ---        ---   6389.101 

Coefficients:                   
  Intercept                           4.505      0.332      3.855      5.153    183.383      0.000   3397.069 
  parsmoke                            2.633      0.172      2.299      2.980    233.947      0.000   5954.157 
  educ.2                             -0.549      0.340     -1.216      0.109      2.640      0.104   3160.097 
  educ.3                             -1.289      0.358     -1.984     -0.589     12.972      0.000   3750.135 
  age                                 0.587      0.037      0.516      0.659    256.699      0.000   6331.553 

Standard Deviations:            
  Residual SD                         3.350      0.061      3.237      3.474        ---        ---   6394.055 

Standardized Coefficients:      
  parsmoke                            0.339      0.020      0.298      0.378    274.111      0.000   5918.045 
  educ.2                             -0.069      0.042     -0.152      0.014      2.648      0.104   3143.766 
  educ.3                             -0.150      0.041     -0.230     -0.068     13.072      0.000   3753.684 
  age                                 0.352      0.020      0.312      0.390    308.517      0.000   6213.037 

Proportion Variance Explained   
  by Coefficients                     0.252      0.018      0.216      0.287        ---        ---   6186.049 
  by Residual Variation               0.748      0.018      0.713      0.784        ---        ---   6186.049 

                                ------------------------------------------------------------------------------




PREDICTOR MODEL ESTIMATES:

  Summaries based on 10000 iterations using 4 chains.
  NOTE: Estimate column based on posterior median.



Complete predictor: age        

Parameters                         Estimate     StdDev       2.5%      97.5%      ChiSq     PValue      N_Eff 
                                ------------------------------------------------------------------------------

Grand Mean                           21.552      0.052     21.446     21.654  1.695e+05      0.000   1907.033 

Level 1:                                                                                                      
  parsmoke                           -0.036      0.070     -0.172      0.102      0.256      0.613   3470.909 
  educ.2                             -0.002      0.087     -0.175      0.170      0.001      0.977   1833.993 
  educ.3                              0.126      0.096     -0.063      0.311      1.688      0.194   1117.515 
  Residual Var.                       5.361      0.173      5.035      5.714        ---        ---   9565.370 
                                                                                                              
                                ------------------------------------------------------------------------------



Missing predictor:  parsmoke   

Parameters                         Estimate     StdDev       2.5%      97.5%      ChiSq     PValue      N_Eff 
                                ------------------------------------------------------------------------------

Grand Mean                           -0.126      0.030     -0.184     -0.069     18.283      0.000   3939.260 

Level 1:                                                                                                      
  age                                -0.007      0.013     -0.031      0.019      0.266      0.606   2834.157 
  educ.2                              0.103      0.046      0.014      0.195      5.033      0.025   1098.028 
  educ.3                             -0.302      0.047     -0.392     -0.207     41.303      0.000    878.379 
  Residual Var.                       1.000      0.000      1.000      1.000        ---        ---        --- 
Thresholds:                                                                                                   
  Tau 1                               0.000      0.000      0.000      0.000        ---        ---        --- 
                                                                                                              
                                ------------------------------------------------------------------------------



Missing predictor:  educ       

Parameters                         Estimate     StdDev       2.5%      97.5%      ChiSq     PValue      N_Eff 
                                ------------------------------------------------------------------------------

Grand Mean: educ.2                    1.059      0.040      0.981      1.138    699.969      0.000    622.842 
Grand Mean: educ.3                    0.565      0.043      0.481      0.650    173.349      0.000    586.365 

Level 1:                                                                                                      
  educ.2 ~ age                        0.011      0.017     -0.023      0.045      0.432      0.511    778.368 
  educ.2 ~ parsmoke                  -0.049      0.046     -0.136      0.048      1.046      0.306    569.201 
  educ.3 ~ age                        0.023      0.018     -0.012      0.059      1.636      0.201    691.137 
  educ.3 ~ parsmoke                  -0.251      0.047     -0.342     -0.155     27.694      0.000    525.488 
  Var(educ.2)                         1.000      0.000      1.000      1.000        ---        ---        --- 
  Cov(educ.3, educ.2)                 0.500      0.000      0.500      0.500        ---        ---        --- 
  Var(educ.3)                         1.000      0.000      1.000      1.000        ---        ---        --- 
                                                                                                              
                                ------------------------------------------------------------------------------



ITERATION HISTORY:

  Chain 1 burn-in started on Jun 17 18:18:34 2026
  Chain 4 burn-in started on Jun 17 18:18:34 2026
  Chain 2 burn-in started on Jun 17 18:18:34 2026
  Chain 3 burn-in started on Jun 17 18:18:34 2026
  Chain 2 burn-in iteration 2500 completed on Jun 17 18:18:36 2026
  Chain 4 burn-in iteration 2500 completed on Jun 17 18:18:36 2026
  Chain 1 burn-in iteration 2500 completed on Jun 17 18:18:36 2026
  Chain 3 burn-in iteration 2500 completed on Jun 17 18:18:36 2026
  Chain 2 burn-in iteration 5000 completed on Jun 17 18:18:38 2026
  Chain 4 burn-in iteration 5000 completed on Jun 17 18:18:38 2026
  Chain 1 burn-in iteration 5000 completed on Jun 17 18:18:38 2026
  Chain 3 burn-in iteration 5000 completed on Jun 17 18:18:38 2026
  Chain 2 burn-in iteration 7500 completed on Jun 17 18:18:39 2026
  Chain 4 burn-in iteration 7500 completed on Jun 17 18:18:39 2026
  Chain 1 burn-in iteration 7500 completed on Jun 17 18:18:39 2026
  Chain 3 burn-in iteration 7500 completed on Jun 17 18:18:39 2026
  Chain 2 burn-in iteration 10000 completed on Jun 17 18:18:41 2026
  Chain 2 completed burn-in on Jun 17 18:18:41 2026
  Chain 4 burn-in iteration 10000 completed on Jun 17 18:18:41 2026
  Chain 4 completed burn-in on Jun 17 18:18:41 2026
  Chain 1 burn-in iteration 10000 completed on Jun 17 18:18:41 2026
  Chain 1 completed burn-in on Jun 17 18:18:41 2026
  Chain 3 burn-in iteration 10000 completed on Jun 17 18:18:41 2026
  Chain 3 completed burn-in on Jun 17 18:18:41 2026
  Chain 2 completed iteration 625 on Jun 17 18:18:42 2026
  Chain 4 completed iteration 625 on Jun 17 18:18:42 2026
  Chain 1 completed iteration 625 on Jun 17 18:18:42 2026
  Chain 3 completed iteration 625 on Jun 17 18:18:42 2026
  Chain 2 completed iteration 1250 on Jun 17 18:18:42 2026
  Chain 4 completed iteration 1250 on Jun 17 18:18:42 2026
  Chain 1 completed iteration 1250 on Jun 17 18:18:42 2026
  Chain 3 completed iteration 1250 on Jun 17 18:18:43 2026
  Chain 2 completed iteration 1875 on Jun 17 18:18:43 2026
  Chain 4 completed iteration 1875 on Jun 17 18:18:43 2026
  Chain 1 completed iteration 1875 on Jun 17 18:18:43 2026
  Chain 3 completed iteration 1875 on Jun 17 18:18:43 2026
  Chain 2 completed iteration 2500 on Jun 17 18:18:44 2026
  Chain 2 finished on Jun 17 18:18:44 2026
  Chain 4 completed iteration 2500 on Jun 17 18:18:44 2026
  Chain 4 finished on Jun 17 18:18:44 2026
  Chain 1 completed iteration 2500 on Jun 17 18:18:44 2026
  Chain 1 finished on Jun 17 18:18:44 2026
  Chain 3 completed iteration 2500 on Jun 17 18:18:44 2026
  Chain 3 finished on Jun 17 18:18:44 2026


---------------------------------------------------------------------------

                                   Blimp
                              4.0.5-nightly15

             Blimp was developed with funding from Institute of
           Education Sciences awards R305D150056 and R305D190002.

            Craig K. Enders, P.I. Email: cenders@psych.ucla.edu
           Brian T. Keller, Co-P.I. Email: btkeller@missouri.edu
                 Han Du, Co-P.I. Email: hdu@psych.ucla.edu
                 Roy Levy, Co-P.I. Email: roy.levy@asu.edu

              Programming and Blimp Studio by Brian T. Keller

                   There is no expressed license given.

---------------------------------------------------------------------------


ALGORITHMIC OPTIONS SPECIFIED:

  Imputation method:                 Fully Bayesian model-based
  MCMC algorithm:                    Full conditional Metropolis sampler with
                                       Auto-Derived Conditional Distributions
  Default Priors:
    Multilevel covariance matrices:  Not applicable, single-level imputation
    Outcome covariance matrices:     Zero matrix, df = -(p + 1) (PRIOR2)
    Predictor model variances:       Unit sum of squares, df = 2 (XPRIOR1)
  Chain Starting Values:             Random starting values


  NOTE: The default prior for regression coefficients 
        in categorical models is 'normal( 0.0, 5.0)'

  NOTE: For complete list of priors include 'pinfo' in the options.

  NOTE: The following nominal variables have automatically
        been assigned a reference group.

          'educ' with reference value '1'

        To change reference group use the following command:
          NOMINAL: variable_name(reference_value);


BURN-IN POTENTIAL SCALE REDUCTION (PSR) OUTPUT:

  NOTE: Rank-normalized Rhat (Vehtari et al., 2021) is being used.
        This applies rank normalization and chain folding for robust
        convergence detection across all chains.

  Comparing iterations across 4 chains     Highest Rhat   Parameter #  
                          251 to 500             1.055            32  
                          501 to 1000            1.030            32  
                          751 to 1500            1.014            33  
                         1001 to 2000            1.007            33  
                         1251 to 2500            1.010            31  
                         1501 to 3000            1.012            32  
                         1751 to 3500            1.013            30  
                         2001 to 4000            1.009            32  
                         2251 to 4500            1.006            32  
                         2501 to 5000            1.007            31  
                         2751 to 5500            1.007            32  
                         3001 to 6000            1.004            31  
                         3251 to 6500            1.006            31  
                         3501 to 7000            1.005            32  
                         3751 to 7500            1.005            32  
                         4001 to 8000            1.005            32  
                         4251 to 8500            1.007            32  
                         4501 to 9000            1.007            33  
                         4751 to 9500            1.006            33  
                         5001 to 10000           1.004            32  


METROPOLIS-HASTINGS ACCEPTANCE RATES:

  Chain 1:

    Variable                            Type    Probability   Target Value 
    age                            parameter          0.487          0.500 
    educ                          imputation          0.505          0.500 

  NOTE: Suppressing printing of 3 chains.
        Use keyword 'tuneinfo' in options to override.


DATA INFORMATION:

  Sample Size:              2000
  Nominal Dummy Codes:

                     educ = educ.2 educ.3
  Missing Data Info:

                      Pattern #:       1     2     3     4     5     6     7     8
                          miss % --------------------------------------------------
               cigsperday = 21.2       -     M     -     -     M     M     -     M  
                 parsmoke =  3.6       -     -     -     M     M     -     M     M  
                      age =  0.0       -     -     -     -     -     -     -     -  
                     educ =  5.4       -     -     M     -     -     M     M     M  
                                 --------------------------------------------------
                                 %  71.9  19.4   4.3   2.5   0.9   0.9   0.2   0.1


MODEL INFORMATION:

  NUMBER OF PARAMETERS
    Outcome Models:         10
    Predictor Models:       8

  PREDICTORS
    Complete continuous:    age
    Incomplete nominal:     educ

  CENTERED PREDICTORS
    Grand Mean Centered:    age

  MODELS
    [1]  cigsperday ~ Intercept parsmoke.latent educ.2 educ.3 age
    [2]  parsmoke ~ Intercept educ.2 educ.3 age


 WARNING MESSAGES:

  No warning messages.


MODEL FIT:


  INFORMATION CRITERIA

    Conditional Likelihood
      DIC2                  16719.883
      WAIC                  17616.792


IMPUTED DATA SUMMARIES:

  NOTE: Imputed data summaries are averaged across 10000 data sets.


Variables                              Mean     StdDev        25%        50%        75%        Min        Max 
                                ------------------------------------------------------------------------------

  cigsperday                          4.976      3.865      2.130      4.000      7.000     -6.441     24.000 
  parsmoke                            0.452      0.498      0.000      0.000      1.000      0.000      1.000 
  age                                21.549      2.321     20.000     22.000     24.000     18.000     25.000 
  educ.2                              0.629      0.483      0.000      1.000      1.000      0.000      1.000 
  educ.3                              0.283      0.451      0.000      0.000      1.000      0.000      1.000 

                                ------------------------------------------------------------------------------



CORRELATIONS AMONG RESIDUALS:

  Summaries based on 10000 iterations using 4 chains.
  NOTE: Estimate column based on posterior median.


Correlations                       Estimate     StdDev       2.5%      97.5%      ChiSq     PValue      N_Eff 
                                ------------------------------------------------------------------------------

  cigsperday, parsmoke                0.000      0.031     -0.063      0.063      0.000      0.999  10117.522 

                                ------------------------------------------------------------------------------



OUTCOME MODEL ESTIMATES:

  Summaries based on 10000 iterations using 4 chains.
  NOTE: Estimate column based on posterior median.


Outcome Variable:  cigsperday 

Grand Mean Centered: age


Parameters                         Estimate     StdDev       2.5%      97.5%      ChiSq     PValue      N_Eff 
                                ------------------------------------------------------------------------------
Variances:                      
  Residual Var.                      10.232      0.425      9.449     11.114        ---        ---   3499.552 

Coefficients:                   
  Intercept                           5.750      0.329      5.108      6.383    305.530      0.000   2355.946 
  parsmoke.latent                     1.632      0.109      1.418      1.844    224.575      0.000   2526.142 
  educ.2                             -0.480      0.351     -1.165      0.208      1.842      0.175   2312.167 
  educ.3                             -0.993      0.377     -1.740     -0.261      6.928      0.008   2485.166 
  age                                 0.593      0.038      0.520      0.669    243.564      0.000   4870.406 

Standard Deviations:            
  Residual SD                         3.199      0.066      3.074      3.334        ---        ---   3503.672 

Standardized Coefficients:      
  parsmoke.latent                     0.428      0.026      0.376      0.477    281.326      0.000   2465.587 
  educ.2                             -0.060      0.044     -0.145      0.026      1.846      0.174   2294.465 
  educ.3                             -0.116      0.044     -0.202     -0.031      6.960      0.008   2451.155 
  age                                 0.356      0.021      0.314      0.397    288.062      0.000   4881.283 

Proportion Variance Explained   
  by Coefficients                     0.317      0.023      0.271      0.362        ---        ---   2664.580 
  by Residual Variation               0.683      0.023      0.638      0.729        ---        ---   2664.580 

                                ------------------------------------------------------------------------------



Outcome Variable:  parsmoke   

Grand Mean Centered: age


Parameters                         Estimate     StdDev       2.5%      97.5%      ChiSq     PValue      N_Eff 
                                ------------------------------------------------------------------------------
Variances:                      
  Residual Var.                       1.000      0.000      1.000      1.000        ---        ---        --- 

Coefficients:                   
  Intercept                           0.119      0.100     -0.074      0.315      1.453      0.228   3329.036 
  educ.2                             -0.147      0.106     -0.355      0.060      1.907      0.167   3264.721 
  educ.3                             -0.504      0.116     -0.729     -0.276     18.933      0.000   3130.728 
  age                                -0.011      0.012     -0.035      0.013      0.803      0.370   4420.939 

Thresholds:                     
  Tau 1                               0.000      0.000      0.000      0.000        ---        ---        --- 

Standard Deviations:            
  Residual SD                         1.000      0.000      1.000      1.000        ---        ---        --- 

Standardized Coefficients:      
  educ.2                             -0.070      0.050     -0.169      0.028      1.913      0.167   3265.816 
  educ.3                             -0.223      0.050     -0.321     -0.123     19.576      0.000   3125.789 
  age                                -0.025      0.028     -0.079      0.030      0.804      0.370   4419.379 

Proportion Variance Explained   
  by Coefficients                     0.032      0.010      0.015      0.055        ---        ---   3146.817 
  by Residual Variation               0.968      0.010      0.945      0.985        ---        ---   3146.817 

                                ------------------------------------------------------------------------------




PREDICTOR MODEL ESTIMATES:

  Summaries based on 10000 iterations using 4 chains.
  NOTE: Estimate column based on posterior median.



Complete predictor: age        

Parameters                         Estimate     StdDev       2.5%      97.5%      ChiSq     PValue      N_Eff 
                                ------------------------------------------------------------------------------

Grand Mean                           21.552      0.053     21.451     21.658  1.653e+05      0.000   1366.604 

Level 1:                                                                                                      
  educ.2                             -0.009      0.087     -0.179      0.164      0.009      0.924   1717.544 
  educ.3                              0.137      0.093     -0.044      0.318      2.175      0.140   1557.835 
  Residual Var.                       5.362      0.171      5.041      5.709        ---        ---   8145.427 
                                                                                                              
                                ------------------------------------------------------------------------------



Missing predictor:  educ       

Parameters                         Estimate     StdDev       2.5%      97.5%      ChiSq     PValue      N_Eff 
                                ------------------------------------------------------------------------------

Grand Mean: educ.2                    1.049      0.039      0.972      1.123    735.978      0.000    884.503 
Grand Mean: educ.3                    0.570      0.040      0.491      0.648    199.954      0.000    882.751 

Level 1:                                                                                                      
  educ.2 ~ age                        0.011      0.017     -0.022      0.045      0.433      0.511    797.289 
  educ.3 ~ age                        0.025      0.018     -0.010      0.059      1.957      0.162    832.203 
  Var(educ.2)                         1.000      0.000      1.000      1.000        ---        ---        --- 
  Cov(educ.3, educ.2)                 0.500      0.000      0.500      0.500        ---        ---        --- 
  Var(educ.3)                         1.000      0.000      1.000      1.000        ---        ---        --- 
                                                                                                              
                                ------------------------------------------------------------------------------


Wrote:
  /Users/craig/Dropbox/Research/Applied Data Modeling in Blimp/Figures/Figure 3.1.pdf
  /Users/craig/Dropbox/Research/Applied Data Modeling in Blimp/Figures/Figure 3.1.png
Wrote:
  /Users/craig/Dropbox/Research/Applied Data Modeling in Blimp/Figures/Figure 3.3.pdf
  /Users/craig/Dropbox/Research/Applied Data Modeling in Blimp/Figures/Figure 3.3.png
