! Setting executable does not persist on exit.
→ Checking for Blimp Update...

ITERATION HISTORY:

  Chain 2 burn-in started on Jun 17 18:22:42 2026
  Chain 3 burn-in started on Jun 17 18:22:42 2026
  Chain 1 burn-in started on Jun 17 18:22:42 2026
  Chain 4 burn-in started on Jun 17 18:22:42 2026
  Chain 2 burn-in iteration 2500 completed on Jun 17 18:22:42 2026
  Chain 3 burn-in iteration 2500 completed on Jun 17 18:22:42 2026
  Chain 1 burn-in iteration 2500 completed on Jun 17 18:22:42 2026
  Chain 4 burn-in iteration 2500 completed on Jun 17 18:22:42 2026
  Chain 2 burn-in iteration 5000 completed on Jun 17 18:22:42 2026
  Chain 1 burn-in iteration 5000 completed on Jun 17 18:22:42 2026
  Chain 3 burn-in iteration 5000 completed on Jun 17 18:22:42 2026
  Chain 4 burn-in iteration 5000 completed on Jun 17 18:22:42 2026
  Chain 2 burn-in iteration 7500 completed on Jun 17 18:22:42 2026
  Chain 3 burn-in iteration 7500 completed on Jun 17 18:22:42 2026
  Chain 1 burn-in iteration 7500 completed on Jun 17 18:22:42 2026
  Chain 4 burn-in iteration 7500 completed on Jun 17 18:22:42 2026
  Chain 3 burn-in iteration 10000 completed on Jun 17 18:22:43 2026
  Chain 3 completed burn-in on Jun 17 18:22:43 2026
  Chain 2 burn-in iteration 10000 completed on Jun 17 18:22:43 2026
  Chain 2 completed burn-in on Jun 17 18:22:43 2026
  Chain 4 burn-in iteration 10000 completed on Jun 17 18:22:43 2026
  Chain 4 completed burn-in on Jun 17 18:22:43 2026
  Chain 1 burn-in iteration 10000 completed on Jun 17 18:22:43 2026
  Chain 1 completed burn-in on Jun 17 18:22:43 2026
  Chain 3 saved imputation 3 on Jun 17 18:22:43 2026
  Chain 2 saved imputation 2 on Jun 17 18:22:43 2026
  Chain 4 saved imputation 4 on Jun 17 18:22:43 2026
  Chain 1 saved imputation 1 on Jun 17 18:22:43 2026
  Chain 3 completed iteration 625 on Jun 17 18:22:43 2026
  Chain 2 completed iteration 625 on Jun 17 18:22:43 2026
  Chain 4 completed iteration 625 on Jun 17 18:22:43 2026
  Chain 1 completed iteration 625 on Jun 17 18:22:43 2026
  Chain 3 saved imputation 7 on Jun 17 18:22:43 2026
  Chain 2 saved imputation 6 on Jun 17 18:22:43 2026
  Chain 4 saved imputation 8 on Jun 17 18:22:43 2026
  Chain 1 saved imputation 5 on Jun 17 18:22:43 2026
  Chain 3 completed iteration 1250 on Jun 17 18:22:43 2026
  Chain 2 completed iteration 1250 on Jun 17 18:22:43 2026
  Chain 4 completed iteration 1250 on Jun 17 18:22:43 2026
  Chain 1 completed iteration 1250 on Jun 17 18:22:43 2026
  Chain 3 saved imputation 11 on Jun 17 18:22:43 2026
  Chain 2 saved imputation 10 on Jun 17 18:22:43 2026
  Chain 4 saved imputation 12 on Jun 17 18:22:43 2026
  Chain 1 saved imputation 9 on Jun 17 18:22:43 2026
  Chain 3 completed iteration 1875 on Jun 17 18:22:43 2026
  Chain 2 completed iteration 1875 on Jun 17 18:22:43 2026
  Chain 1 completed iteration 1875 on Jun 17 18:22:43 2026
  Chain 4 completed iteration 1875 on Jun 17 18:22:43 2026
  Chain 3 saved imputation 15 on Jun 17 18:22:43 2026
  Chain 2 saved imputation 14 on Jun 17 18:22:43 2026
  Chain 4 saved imputation 16 on Jun 17 18:22:43 2026
  Chain 1 saved imputation 13 on Jun 17 18:22:43 2026
  Chain 3 completed iteration 2500 on Jun 17 18:22:43 2026
  Chain 3 saved imputation 19 on Jun 17 18:22:43 2026
  Chain 3 finished on Jun 17 18:22:43 2026
  Chain 2 completed iteration 2500 on Jun 17 18:22:43 2026
  Chain 2 saved imputation 18 on Jun 17 18:22:43 2026
  Chain 2 finished on Jun 17 18:22:43 2026
  Chain 4 completed iteration 2500 on Jun 17 18:22:43 2026
  Chain 4 saved imputation 20 on Jun 17 18:22:43 2026
  Chain 4 finished on Jun 17 18:22:43 2026
  Chain 1 completed iteration 2500 on Jun 17 18:22:43 2026
  Chain 1 saved imputation 17 on Jun 17 18:22:43 2026
  Chain 1 finished on Jun 17 18:22:43 2026


---------------------------------------------------------------------------

                                   Blimp
                              4.0.5-nightly15

             Blimp was developed with funding from Institute of
           Education Sciences awards R305D150056 and R305D190002.

            Craig K. Enders, P.I. Email: cenders@psych.ucla.edu
           Brian T. Keller, Co-P.I. Email: btkeller@missouri.edu
                 Han Du, Co-P.I. Email: hdu@psych.ucla.edu
                 Roy Levy, Co-P.I. Email: roy.levy@asu.edu

              Programming and Blimp Studio by Brian T. Keller

                   There is no expressed license given.

---------------------------------------------------------------------------


ALGORITHMIC OPTIONS SPECIFIED:

  Imputation method:                 Fully Bayesian model-based
  MCMC algorithm:                    Full conditional Metropolis sampler with
                                       Auto-Derived Conditional Distributions
  Default Priors:
    Multilevel covariance matrices:  Not applicable, single-level imputation
    Outcome covariance matrices:     Zero matrix, df = -(p + 1) (PRIOR2)
    Predictor model variances:       Unit sum of squares, df = 2 (XPRIOR1)
  Chain Starting Values:             Random starting values


  NOTE: The default prior for regression coefficients 
        in categorical models is 'normal( 0.0, 5.0)'

  NOTE: For complete list of priors include 'pinfo' in the options.


BURN-IN POTENTIAL SCALE REDUCTION (PSR) OUTPUT:

  NOTE: Rank-normalized Rhat (Vehtari et al., 2021) is being used.
        This applies rank normalization and chain folding for robust
        convergence detection across all chains.

  Comparing iterations across 4 chains     Highest Rhat   Parameter #  
                          251 to 500             1.024            21  
                          501 to 1000            1.012            31  
                          751 to 1500            1.009            31  
                         1001 to 2000            1.007            21  
                         1251 to 2500            1.004            26  
                         1501 to 3000            1.003            26  
                         1751 to 3500            1.004            23  
                         2001 to 4000            1.003            26  
                         2251 to 4500            1.003            21  
                         2501 to 5000            1.002            26  
                         2751 to 5500            1.002            31  
                         3001 to 6000            1.002            21  
                         3251 to 6500            1.001            21  
                         3501 to 7000            1.001            21  
                         3751 to 7500            1.001            26  
                         4001 to 8000            1.001             4  
                         4251 to 8500            1.001             2  
                         4501 to 9000            1.002            21  
                         4751 to 9500            1.001            31  
                         5001 to 10000           1.002            21  


METROPOLIS-HASTINGS ACCEPTANCE RATES:

  Chain 1:

    Variable                            Type    Probability   Target Value 
    els                           imputation          0.508          0.500 
    age                            parameter          0.506          0.500 
    inflam                        imputation          0.504          0.500 
    inflam                         parameter          0.508          0.500 

  NOTE: Suppressing printing of 3 chains.
        Use keyword 'tuneinfo' in options to override.


DATA INFORMATION:

  Sample Size:              297
  Missing Data Info:

                      Pattern #:       1     2     3     4     5
                          miss % --------------------------------
                     dpdd = 12.1       -     M     -     -     M  
                   female =  0.0       -     -     -     -     -  
                      els =  4.0       -     -     -     M     M  
                      age =  0.0       -     -     -     -     -  
                   inflam =  6.1       -     -     M     -     -  
                                 --------------------------------
                                 %  78.1  11.8   6.1   3.7   0.3


MODEL INFORMATION:

  NUMBER OF PARAMETERS
    Outcome Models:         6
    Predictor Models:       18

  PREDICTORS
    Complete continuous:    age
    Complete ordinal:       female
    Incomplete continuous:  inflam
    Incomplete ordinal:     els

  CENTERED PREDICTORS
    Grand Mean Centered:    age inflam

  MODELS
    [1]  dpdd ~ Intercept inflam els female age


 WARNING MESSAGES:

  No warning messages.


MODEL FIT:


  INFORMATION CRITERIA

    Conditional Likelihood
      DIC2                  1742.293
      WAIC                  1756.984


IMPUTED DATA SUMMARIES:

  NOTE: Imputed data summaries are averaged across 10000 data sets.


Variables                              Mean     StdDev        25%        50%        75%        Min        Max 
                                ------------------------------------------------------------------------------

  dpdd                                6.162      4.511      3.330      5.491      8.113     -3.507     29.142 
  female                              0.364      0.482      0.000      0.000      1.000      0.000      1.000 
  els                                 0.389      0.488      0.000      0.000      1.000      0.000      1.000 
  age                                45.589      5.659     42.000     46.000     49.000     26.000     62.000 
  inflam                              0.024      2.845     -1.899     -0.448      1.627     -5.779     15.157 

                                ------------------------------------------------------------------------------



CORRELATIONS AMONG RESIDUALS:

  No residual correlations.



OUTCOME MODEL ESTIMATES:

  Summaries based on 10000 iterations using 4 chains.
  NOTE: Estimate column based on posterior median.


Outcome Variable:  dpdd       

Grand Mean Centered: age inflam


Parameters                         Estimate     StdDev       2.5%      97.5%      ChiSq     PValue      N_Eff 
                                ------------------------------------------------------------------------------
Variances:                      
  Residual Var.                      19.518      1.760     16.425     23.342        ---        ---   7112.030 

Coefficients:                   
  Intercept                           6.419      0.410      5.636      7.239    245.440      0.000   6758.762 
  inflam                              0.385      0.098      0.192      0.577     15.297      0.000   6970.771 
  els                                -0.405      0.591     -1.540      0.750      0.461      0.497   6733.684 
  female                             -0.288      0.585     -1.440      0.852      0.248      0.619   7658.977 
  age                                 0.017      0.050     -0.081      0.114      0.110      0.740   7343.485 

Standard Deviations:            
  Residual SD                         4.418      0.198      4.053      4.831        ---        ---   7103.772 

Standardized Coefficients:      
  inflam                              0.239      0.058      0.120      0.349     16.596      0.000   6848.312 
  els                                -0.043      0.063     -0.162      0.079      0.464      0.496   6726.020 
  female                             -0.030      0.061     -0.148      0.089      0.249      0.618   7656.395 
  age                                 0.021      0.062     -0.099      0.142      0.111      0.739   7327.324 

Proportion Variance Explained   
  by Coefficients                     0.071      0.029      0.025      0.135        ---        ---   7280.102 
  by Residual Variation               0.929      0.029      0.865      0.975        ---        ---   7280.102 

                                ------------------------------------------------------------------------------




PREDICTOR MODEL ESTIMATES:

  Summaries based on 10000 iterations using 4 chains.
  NOTE: Estimate column based on posterior median.



Complete predictor: female     

Parameters                         Estimate     StdDev       2.5%      97.5%      ChiSq     PValue      N_Eff 
                                ------------------------------------------------------------------------------

Grand Mean                           -0.355      0.076     -0.502     -0.206     22.099      0.000   3859.358 

Level 1:                                                                                                      
  els                                 0.043      0.095     -0.142      0.232      0.212      0.645   2220.241 
  age                                -0.028      0.014     -0.055     -0.001      4.122      0.042   3825.852 
  inflam                              0.011      0.028     -0.043      0.066      0.171      0.679   3697.575 
  Residual Var.                       1.000      0.000      1.000      1.000        ---        ---        --- 
Thresholds:                                                                                                   
  Tau 1                               0.000      0.000      0.000      0.000        ---        ---        --- 
                                                                                                              
                                ------------------------------------------------------------------------------



Missing predictor:  els        

Parameters                         Estimate     StdDev       2.5%      97.5%      ChiSq     PValue      N_Eff 
                                ------------------------------------------------------------------------------

Grand Mean                           -0.294      0.078     -0.447     -0.143     14.329      0.000   3067.971 

Level 1:                                                                                                      
  female                              0.042      0.094     -0.141      0.228      0.202      0.653   2076.396 
  age                                -0.037      0.014     -0.065     -0.009      6.843      0.009   3561.076 
  inflam                              0.046      0.027     -0.008      0.099      2.822      0.093   3556.693 
  Residual Var.                       1.000      0.000      1.000      1.000        ---        ---        --- 
Thresholds:                                                                                                   
  Tau 1                               0.000      0.000      0.000      0.000        ---        ---        --- 
                                                                                                              
                                ------------------------------------------------------------------------------



Complete predictor: age        

Parameters                         Estimate     StdDev       2.5%      97.5%      ChiSq     PValue      N_Eff 
                                ------------------------------------------------------------------------------

Grand Mean                           45.589      0.329     44.942     46.236  19170.635      0.000   2113.831 

Level 1:                                                                                                      
  female                             -0.821      0.400     -1.617     -0.039      4.239      0.040   6608.150 
  els                                -1.104      0.403     -1.885     -0.306      7.494      0.006   5666.627 
  inflam                              0.183      0.118     -0.049      0.418      2.391      0.122   8049.918 
  Residual Var.                      29.845      2.619     25.226     35.497        ---        ---   8051.707 
                                                                                                              
                                ------------------------------------------------------------------------------



Missing predictor:  inflam     

Parameters                         Estimate     StdDev       2.5%      97.5%      ChiSq     PValue      N_Eff 
                                ------------------------------------------------------------------------------

Grand Mean                            0.029      0.171     -0.305      0.369      0.030      0.864   1836.722 

Level 1:                                                                                                      
  female                              0.091      0.216     -0.343      0.504      0.168      0.682   5208.782 
  els                                 0.364      0.212     -0.065      0.772      2.895      0.089   5412.717 
  age                                 0.049      0.032     -0.013      0.113      2.327      0.127   6811.826 
  Residual Var.                       7.909      0.690      6.727      9.433        ---        ---   6549.118 
                                                                                                              
                                ------------------------------------------------------------------------------



ITERATION HISTORY:

  Chain 1 burn-in started on Jun 17 18:22:47 2026
  Chain 2 burn-in started on Jun 17 18:22:47 2026
  Chain 3 burn-in started on Jun 17 18:22:47 2026
  Chain 4 burn-in started on Jun 17 18:22:47 2026
  Chain 4 burn-in iteration 2500 completed on Jun 17 18:22:48 2026
  Chain 1 burn-in iteration 2500 completed on Jun 17 18:22:48 2026
  Chain 3 burn-in iteration 2500 completed on Jun 17 18:22:48 2026
  Chain 2 burn-in iteration 2500 completed on Jun 17 18:22:48 2026
  Chain 3 burn-in iteration 5000 completed on Jun 17 18:22:48 2026
  Chain 2 burn-in iteration 5000 completed on Jun 17 18:22:48 2026
  Chain 4 burn-in iteration 5000 completed on Jun 17 18:22:48 2026
  Chain 1 burn-in iteration 5000 completed on Jun 17 18:22:48 2026
  Chain 2 burn-in iteration 7500 completed on Jun 17 18:22:49 2026
  Chain 3 burn-in iteration 7500 completed on Jun 17 18:22:49 2026
  Chain 4 burn-in iteration 7500 completed on Jun 17 18:22:49 2026
  Chain 1 burn-in iteration 7500 completed on Jun 17 18:22:49 2026
  Chain 4 burn-in iteration 10000 completed on Jun 17 18:22:49 2026
  Chain 4 completed burn-in on Jun 17 18:22:49 2026
  Chain 2 burn-in iteration 10000 completed on Jun 17 18:22:49 2026
  Chain 2 completed burn-in on Jun 17 18:22:49 2026
  Chain 3 burn-in iteration 10000 completed on Jun 17 18:22:49 2026
  Chain 3 completed burn-in on Jun 17 18:22:49 2026
  Chain 1 burn-in iteration 10000 completed on Jun 17 18:22:49 2026
  Chain 1 completed burn-in on Jun 17 18:22:49 2026
  Chain 2 completed iteration 625 on Jun 17 18:22:49 2026
  Chain 4 completed iteration 625 on Jun 17 18:22:49 2026
  Chain 3 completed iteration 625 on Jun 17 18:22:49 2026
  Chain 1 completed iteration 625 on Jun 17 18:22:49 2026
  Chain 2 completed iteration 1250 on Jun 17 18:22:50 2026
  Chain 4 completed iteration 1250 on Jun 17 18:22:50 2026
  Chain 3 completed iteration 1250 on Jun 17 18:22:50 2026
  Chain 1 completed iteration 1250 on Jun 17 18:22:50 2026
  Chain 2 completed iteration 1875 on Jun 17 18:22:50 2026
  Chain 4 completed iteration 1875 on Jun 17 18:22:50 2026
  Chain 3 completed iteration 1875 on Jun 17 18:22:50 2026
  Chain 1 completed iteration 1875 on Jun 17 18:22:50 2026
  Chain 2 completed iteration 2500 on Jun 17 18:22:50 2026
  Chain 4 completed iteration 2500 on Jun 17 18:22:50 2026
  Chain 2 finished on Jun 17 18:22:50 2026
  Chain 4 finished on Jun 17 18:22:50 2026
  Chain 3 completed iteration 2500 on Jun 17 18:22:50 2026
  Chain 3 finished on Jun 17 18:22:50 2026
  Chain 1 completed iteration 2500 on Jun 17 18:22:50 2026
  Chain 1 finished on Jun 17 18:22:50 2026


---------------------------------------------------------------------------

                                   Blimp
                              4.0.5-nightly15

             Blimp was developed with funding from Institute of
           Education Sciences awards R305D150056 and R305D190002.

            Craig K. Enders, P.I. Email: cenders@psych.ucla.edu
           Brian T. Keller, Co-P.I. Email: btkeller@missouri.edu
                 Han Du, Co-P.I. Email: hdu@psych.ucla.edu
                 Roy Levy, Co-P.I. Email: roy.levy@asu.edu

              Programming and Blimp Studio by Brian T. Keller

                   There is no expressed license given.

---------------------------------------------------------------------------


ALGORITHMIC OPTIONS SPECIFIED:

  Imputation method:                 Fully Bayesian model-based
  MCMC algorithm:                    Full conditional Metropolis sampler with
                                       Auto-Derived Conditional Distributions
  Default Priors:
    Multilevel covariance matrices:  Not applicable, single-level imputation
    Outcome covariance matrices:     Zero matrix, df = -(p + 1) (PRIOR2)
    Predictor model variances:       Unit sum of squares, df = 2 (XPRIOR1)
  Chain Starting Values:             Random starting values


  NOTE: The default prior for regression coefficients 
        in categorical models is 'normal( 0.0, 5.0)'

  NOTE: For complete list of priors include 'pinfo' in the options.


BURN-IN POTENTIAL SCALE REDUCTION (PSR) OUTPUT:

  NOTE: Rank-normalized Rhat (Vehtari et al., 2021) is being used.
        This applies rank normalization and chain folding for robust
        convergence detection across all chains.

  Comparing iterations across 4 chains     Highest Rhat   Parameter #  
                          251 to 500             3.092            16  
                          501 to 1000            1.022            17  
                          751 to 1500            1.028            17  
                         1001 to 2000            1.014            17  
                         1251 to 2500            1.007            19  
                         1501 to 3000            1.007            16  
                         1751 to 3500            1.007            17  
                         2001 to 4000            1.006            16  
                         2251 to 4500            1.006            17  
                         2501 to 5000            1.004            17  
                         2751 to 5500            1.004            16  
                         3001 to 6000            1.002            19  
                         3251 to 6500            1.003            18  
                         3501 to 7000            1.003            19  
                         3751 to 7500            1.005            19  
                         4001 to 8000            1.003            19  
                         4251 to 8500            1.001            19  
                         4501 to 9000            1.001            18  
                         4751 to 9500            1.002            19  
                         5001 to 10000           1.002             1  


METROPOLIS-HASTINGS ACCEPTANCE RATES:

  Chain 1:

    Variable                            Type    Probability   Target Value 
    var(dpdd)                      parameter          0.459          0.500 
    var(dpdd)                      parameter          0.449          0.500 
    var(dpdd)                      parameter          0.492          0.500 
    var(dpdd)                      parameter          0.507          0.500 
    els                           imputation          0.522          0.500 
    age                            parameter          0.510          0.500 
    inflam                        imputation          0.498          0.500 
    inflam                         parameter          0.475          0.500 

  NOTE: Suppressing printing of 3 chains.
        Use keyword 'tuneinfo' in options to override.


DATA INFORMATION:

  Sample Size:              297
  Missing Data Info:

                      Pattern #:       1     2     3     4     5
                          miss % --------------------------------
                     dpdd = 12.1       -     M     -     -     M  
                   female =  0.0       -     -     -     -     -  
                      els =  4.0       -     -     -     M     M  
                      age =  0.0       -     -     -     -     -  
                   inflam =  6.1       -     -     M     -     -  
                                 --------------------------------
                                 %  78.1  11.8   6.1   3.7   0.3


MODEL INFORMATION:

  NUMBER OF PARAMETERS
    Outcome Models:         9
    Predictor Models:       18

  PREDICTORS
    Complete continuous:    age
    Complete ordinal:       female
    Incomplete continuous:  inflam
    Incomplete ordinal:     els

  CENTERED PREDICTORS
    Grand Mean Centered:    age inflam

  MODELS
    [1]  dpdd ~ Intercept inflam els female age
    [2]  var(dpdd) ~ Intercept inflam age age^2


 WARNING MESSAGES:

  No warning messages.


MODEL FIT:


  INFORMATION CRITERIA

    Conditional Likelihood
      DIC2                  1726.819
      WAIC                  1743.588


IMPUTED DATA SUMMARIES:

  NOTE: Imputed data summaries are averaged across 10000 data sets.


Variables                              Mean     StdDev        25%        50%        75%        Min        Max 
                                ------------------------------------------------------------------------------

  dpdd                                6.160      4.509      3.331      5.474      8.095     -3.222     29.145 
  female                              0.364      0.482      0.000      0.000      1.000      0.000      1.000 
  els                                 0.389      0.488      0.000      0.000      1.000      0.000      1.000 
  age                                45.589      5.659     42.000     46.000     49.000     26.000     62.000 
  inflam                              0.022      2.850     -1.905     -0.449      1.628     -5.902     15.157 

                                ------------------------------------------------------------------------------



CORRELATIONS AMONG RESIDUALS:

  No residual correlations.



OUTCOME MODEL ESTIMATES:

  Summaries based on 10000 iterations using 4 chains.
  NOTE: Estimate column based on posterior median.


Outcome Variable:  dpdd       

Grand Mean Centered: age inflam


Parameters                         Estimate     StdDev       2.5%      97.5%      ChiSq     PValue      N_Eff 
                                ------------------------------------------------------------------------------
Variances:                      
  Q25% Residual Var.                 14.202      1.650     11.416     17.833        ---        ---   1614.046 
  Q50% Residual Var.                 17.732      1.703     14.901     21.518        ---        ---   1305.247 
  Mean Residual Var.                 19.775      2.073     16.576     24.637        ---        ---   1580.689 
  Q75% Residual Var.                 23.128      2.475     19.115     28.768        ---        ---   1376.943 

Coefficients:                   
  Intercept                           6.457      0.415      5.660      7.275    242.123      0.000   4597.160 
  inflam                              0.491      0.110      0.274      0.709     19.807      0.000   4467.226 
  els                                -0.535      0.553     -1.635      0.561      0.928      0.335   5051.465 
  female                             -0.277      0.545     -1.347      0.787      0.262      0.609   5649.621 
  age                                 0.027      0.043     -0.060      0.111      0.378      0.538   4386.945 

Standardized Coefficients:      
  inflam                              0.298      0.061      0.170      0.411     23.427      0.000   4703.937 
  els                                -0.056      0.057     -0.166      0.059      0.935      0.334   5014.858 
  female                             -0.028      0.056     -0.136      0.080      0.263      0.608   5667.001 
  age                                 0.033      0.051     -0.071      0.132      0.382      0.536   4342.729 

Proportion Variance Explained   
  by Coefficients                     0.101      0.036      0.040      0.180        ---        ---   4997.873 
  by Residual Variation               0.899      0.036      0.820      0.960        ---        ---   4997.873 

                                ------------------------------------------------------------------------------



Outcome Variable:  var(dpdd)  

Grand Mean Centered: age inflam


Parameters                         Estimate     StdDev       2.5%      97.5%      ChiSq     PValue      N_Eff 
                                ------------------------------------------------------------------------------

Coefficients:                   
  Intercept                           2.967      0.107      2.763      3.182    775.222      0.000    855.371 
  inflam                              0.118      0.035      0.051      0.191     11.546      0.001   1465.679 
  age                                 0.017      0.018     -0.018      0.051      0.963      0.326   1332.440 
  age^2                              -0.002      0.002     -0.006      0.002      1.496      0.221    756.699 

                                ------------------------------------------------------------------------------




PREDICTOR MODEL ESTIMATES:

  Summaries based on 10000 iterations using 4 chains.
  NOTE: Estimate column based on posterior median.



Complete predictor: female     

Parameters                         Estimate     StdDev       2.5%      97.5%      ChiSq     PValue      N_Eff 
                                ------------------------------------------------------------------------------

Grand Mean                           -0.356      0.076     -0.504     -0.209     22.196      0.000   4302.079 

Level 1:                                                                                                      
  els                                 0.046      0.094     -0.142      0.230      0.229      0.632   2299.211 
  age                                -0.028      0.014     -0.054      0.000      3.883      0.049   4213.230 
  inflam                              0.010      0.028     -0.045      0.064      0.139      0.709   3830.243 
  Residual Var.                       1.000      0.000      1.000      1.000        ---        ---        --- 
Thresholds:                                                                                                   
  Tau 1                               0.000      0.000      0.000      0.000        ---        ---        --- 
                                                                                                              
                                ------------------------------------------------------------------------------



Missing predictor:  els        

Parameters                         Estimate     StdDev       2.5%      97.5%      ChiSq     PValue      N_Eff 
                                ------------------------------------------------------------------------------

Grand Mean                           -0.296      0.078     -0.450     -0.146     14.404      0.000   2880.827 

Level 1:                                                                                                      
  female                              0.044      0.093     -0.136      0.229      0.224      0.636   2210.585 
  age                                -0.038      0.014     -0.066     -0.010      7.233      0.007   3194.611 
  inflam                              0.048      0.027     -0.004      0.102      3.200      0.074   3647.188 
  Residual Var.                       1.000      0.000      1.000      1.000        ---        ---        --- 
Thresholds:                                                                                                   
  Tau 1                               0.000      0.000      0.000      0.000        ---        ---        --- 
                                                                                                              
                                ------------------------------------------------------------------------------



Complete predictor: age        

Parameters                         Estimate     StdDev       2.5%      97.5%      ChiSq     PValue      N_Eff 
                                ------------------------------------------------------------------------------

Grand Mean                           45.582      0.326     44.943     46.218  19568.289      0.000   1916.812 

Level 1:                                                                                                      
  female                             -0.812      0.403     -1.601     -0.015      4.063      0.044   6029.899 
  els                                -1.113      0.406     -1.906     -0.315      7.543      0.006   5471.438 
  inflam                              0.187      0.119     -0.042      0.420      2.458      0.117   7344.066 
  Residual Var.                      29.765      2.540     25.215     35.063        ---        ---   8613.633 
                                                                                                              
                                ------------------------------------------------------------------------------



Missing predictor:  inflam     

Parameters                         Estimate     StdDev       2.5%      97.5%      ChiSq     PValue      N_Eff 
                                ------------------------------------------------------------------------------

Grand Mean                            0.020      0.166     -0.294      0.344      0.018      0.893   1668.593 

Level 1:                                                                                                      
  female                              0.080      0.217     -0.350      0.499      0.132      0.716   4705.068 
  els                                 0.380      0.214     -0.040      0.796      3.126      0.077   5377.286 
  age                                 0.049      0.032     -0.014      0.114      2.371      0.124   6333.242 
  Residual Var.                       7.939      0.697      6.718      9.427        ---        ---   7106.614 
                                                                                                              
                                ------------------------------------------------------------------------------



ITERATION HISTORY:

  Chain 1 burn-in started on Jun 17 18:22:56 2026
  Chain 2 burn-in started on Jun 17 18:22:56 2026
  Chain 3 burn-in started on Jun 17 18:22:56 2026
  Chain 4 burn-in started on Jun 17 18:22:56 2026
  Chain 2 burn-in iteration 2500 completed on Jun 17 18:22:56 2026
  Chain 1 burn-in iteration 2500 completed on Jun 17 18:22:56 2026
  Chain 4 burn-in iteration 2500 completed on Jun 17 18:22:56 2026
  Chain 3 burn-in iteration 2500 completed on Jun 17 18:22:56 2026
  Chain 4 burn-in iteration 5000 completed on Jun 17 18:22:57 2026
  Chain 1 burn-in iteration 5000 completed on Jun 17 18:22:57 2026
  Chain 2 burn-in iteration 5000 completed on Jun 17 18:22:57 2026
  Chain 3 burn-in iteration 5000 completed on Jun 17 18:22:57 2026
  Chain 1 burn-in iteration 7500 completed on Jun 17 18:22:57 2026
  Chain 4 burn-in iteration 7500 completed on Jun 17 18:22:57 2026
  Chain 2 burn-in iteration 7500 completed on Jun 17 18:22:57 2026
  Chain 3 burn-in iteration 7500 completed on Jun 17 18:22:57 2026
  Chain 4 burn-in iteration 10000 completed on Jun 17 18:22:58 2026
  Chain 4 completed burn-in on Jun 17 18:22:58 2026
  Chain 1 burn-in iteration 10000 completed on Jun 17 18:22:58 2026
  Chain 1 completed burn-in on Jun 17 18:22:58 2026
  Chain 2 burn-in iteration 10000 completed on Jun 17 18:22:58 2026
  Chain 2 completed burn-in on Jun 17 18:22:58 2026
  Chain 3 burn-in iteration 10000 completed on Jun 17 18:22:58 2026
  Chain 3 completed burn-in on Jun 17 18:22:58 2026
  Chain 4 saved imputation 4 on Jun 17 18:22:58 2026
  Chain 1 saved imputation 1 on Jun 17 18:22:58 2026
  Chain 2 saved imputation 2 on Jun 17 18:22:58 2026
  Chain 3 saved imputation 3 on Jun 17 18:22:58 2026
  Chain 1 completed iteration 625 on Jun 17 18:22:58 2026
  Chain 4 completed iteration 625 on Jun 17 18:22:58 2026
  Chain 2 completed iteration 625 on Jun 17 18:22:58 2026
  Chain 3 completed iteration 625 on Jun 17 18:22:58 2026
  Chain 1 saved imputation 5 on Jun 17 18:22:58 2026
  Chain 4 saved imputation 8 on Jun 17 18:22:58 2026
  Chain 2 saved imputation 6 on Jun 17 18:22:58 2026
  Chain 3 saved imputation 7 on Jun 17 18:22:58 2026
  Chain 1 completed iteration 1250 on Jun 17 18:22:58 2026
  Chain 4 completed iteration 1250 on Jun 17 18:22:58 2026
  Chain 2 completed iteration 1250 on Jun 17 18:22:58 2026
  Chain 3 completed iteration 1250 on Jun 17 18:22:58 2026
  Chain 1 saved imputation 9 on Jun 17 18:22:59 2026
  Chain 4 saved imputation 12 on Jun 17 18:22:59 2026
  Chain 2 saved imputation 10 on Jun 17 18:22:59 2026
  Chain 3 saved imputation 11 on Jun 17 18:22:59 2026
  Chain 1 completed iteration 1875 on Jun 17 18:22:59 2026
  Chain 4 completed iteration 1875 on Jun 17 18:22:59 2026
  Chain 2 completed iteration 1875 on Jun 17 18:22:59 2026
  Chain 3 completed iteration 1875 on Jun 17 18:22:59 2026
  Chain 1 saved imputation 13 on Jun 17 18:22:59 2026
  Chain 4 saved imputation 16 on Jun 17 18:22:59 2026
  Chain 2 saved imputation 14 on Jun 17 18:22:59 2026
  Chain 3 saved imputation 15 on Jun 17 18:22:59 2026
  Chain 4 completed iteration 2500 on Jun 17 18:22:59 2026
  Chain 1 completed iteration 2500 on Jun 17 18:22:59 2026
  Chain 4 saved imputation 20 on Jun 17 18:22:59 2026
  Chain 1 saved imputation 17 on Jun 17 18:22:59 2026
  Chain 4 finished on Jun 17 18:22:59 2026
  Chain 1 finished on Jun 17 18:22:59 2026
  Chain 2 completed iteration 2500 on Jun 17 18:22:59 2026
  Chain 2 saved imputation 18 on Jun 17 18:22:59 2026
  Chain 2 finished on Jun 17 18:22:59 2026
  Chain 3 completed iteration 2500 on Jun 17 18:22:59 2026
  Chain 3 saved imputation 19 on Jun 17 18:22:59 2026
  Chain 3 finished on Jun 17 18:22:59 2026


---------------------------------------------------------------------------

                                   Blimp
                              4.0.5-nightly15

             Blimp was developed with funding from Institute of
           Education Sciences awards R305D150056 and R305D190002.

            Craig K. Enders, P.I. Email: cenders@psych.ucla.edu
           Brian T. Keller, Co-P.I. Email: btkeller@missouri.edu
                 Han Du, Co-P.I. Email: hdu@psych.ucla.edu
                 Roy Levy, Co-P.I. Email: roy.levy@asu.edu

              Programming and Blimp Studio by Brian T. Keller

                   There is no expressed license given.

---------------------------------------------------------------------------


ALGORITHMIC OPTIONS SPECIFIED:

  Imputation method:                 Fully Bayesian model-based
  MCMC algorithm:                    Full conditional Metropolis sampler with
                                       Auto-Derived Conditional Distributions
  Default Priors:
    Multilevel covariance matrices:  Not applicable, single-level imputation
    Outcome covariance matrices:     Zero matrix, df = -(p + 1) (PRIOR2)
    Predictor model variances:       Unit sum of squares, df = 2 (XPRIOR1)
  Chain Starting Values:             Random starting values


  NOTE: The default prior for regression coefficients 
        in categorical models is 'normal( 0.0, 5.0)'

  NOTE: For complete list of priors include 'pinfo' in the options.


BURN-IN POTENTIAL SCALE REDUCTION (PSR) OUTPUT:

  NOTE: Rank-normalized Rhat (Vehtari et al., 2021) is being used.
        This applies rank normalization and chain folding for robust
        convergence detection across all chains.

  Comparing iterations across 4 chains     Highest Rhat   Parameter #  
                          251 to 500             3.092            16  
                          501 to 1000            1.022            17  
                          751 to 1500            1.028            17  
                         1001 to 2000            1.014            17  
                         1251 to 2500            1.007            19  
                         1501 to 3000            1.007            16  
                         1751 to 3500            1.007            17  
                         2001 to 4000            1.006            16  
                         2251 to 4500            1.006            17  
                         2501 to 5000            1.004            17  
                         2751 to 5500            1.004            16  
                         3001 to 6000            1.002            19  
                         3251 to 6500            1.003            18  
                         3501 to 7000            1.003            19  
                         3751 to 7500            1.005            19  
                         4001 to 8000            1.003            19  
                         4251 to 8500            1.001            19  
                         4501 to 9000            1.001            18  
                         4751 to 9500            1.002            19  
                         5001 to 10000           1.002             1  


METROPOLIS-HASTINGS ACCEPTANCE RATES:

  Chain 1:

    Variable                            Type    Probability   Target Value 
    var(dpdd)                      parameter          0.459          0.500 
    var(dpdd)                      parameter          0.449          0.500 
    var(dpdd)                      parameter          0.492          0.500 
    var(dpdd)                      parameter          0.507          0.500 
    els                           imputation          0.522          0.500 
    age                            parameter          0.510          0.500 
    inflam                        imputation          0.498          0.500 
    inflam                         parameter          0.475          0.500 

  NOTE: Suppressing printing of 3 chains.
        Use keyword 'tuneinfo' in options to override.


DATA INFORMATION:

  Sample Size:              297
  Missing Data Info:

                      Pattern #:       1     2     3     4     5
                          miss % --------------------------------
                     dpdd = 12.1       -     M     -     -     M  
                   female =  0.0       -     -     -     -     -  
                      els =  4.0       -     -     -     M     M  
                      age =  0.0       -     -     -     -     -  
                   inflam =  6.1       -     -     M     -     -  
                                 --------------------------------
                                 %  78.1  11.8   6.1   3.7   0.3


MODEL INFORMATION:

  NUMBER OF PARAMETERS
    Outcome Models:         9
    Predictor Models:       18

  PREDICTORS
    Complete continuous:    age
    Complete ordinal:       female
    Incomplete continuous:  inflam
    Incomplete ordinal:     els

  CENTERED PREDICTORS
    Grand Mean Centered:    age inflam

  MODELS
    [1]  dpdd ~ Intercept inflam els female age
    [2]  var(dpdd) ~ Intercept inflam age age^2


 WARNING MESSAGES:

  No warning messages.


MODEL FIT:


  INFORMATION CRITERIA

    Conditional Likelihood
      DIC2                  1726.819
      WAIC                  1743.588


IMPUTED DATA SUMMARIES:

  NOTE: Imputed data summaries are averaged across 10000 data sets.


Variables                              Mean     StdDev        25%        50%        75%        Min        Max 
                                ------------------------------------------------------------------------------

  dpdd                                6.160      4.509      3.331      5.474      8.095     -3.222     29.145 
  female                              0.364      0.482      0.000      0.000      1.000      0.000      1.000 
  els                                 0.389      0.488      0.000      0.000      1.000      0.000      1.000 
  age                                45.589      5.659     42.000     46.000     49.000     26.000     62.000 
  inflam                              0.022      2.850     -1.905     -0.449      1.628     -5.902     15.157 

                                ------------------------------------------------------------------------------



CORRELATIONS AMONG RESIDUALS:

  No residual correlations.



OUTCOME MODEL ESTIMATES:

  Summaries based on 10000 iterations using 4 chains.
  NOTE: Estimate column based on posterior median.


Outcome Variable:  dpdd       

Grand Mean Centered: age inflam


Parameters                         Estimate     StdDev       2.5%      97.5%      ChiSq     PValue      N_Eff 
                                ------------------------------------------------------------------------------
Variances:                      
  Q25% Residual Var.                 14.202      1.650     11.416     17.833        ---        ---   1614.046 
  Q50% Residual Var.                 17.732      1.703     14.901     21.518        ---        ---   1305.247 
  Mean Residual Var.                 19.775      2.073     16.576     24.637        ---        ---   1580.689 
  Q75% Residual Var.                 23.128      2.475     19.115     28.768        ---        ---   1376.943 

Coefficients:                   
  Intercept                           6.457      0.415      5.660      7.275    242.123      0.000   4597.160 
  inflam                              0.491      0.110      0.274      0.709     19.807      0.000   4467.226 
  els                                -0.535      0.553     -1.635      0.561      0.928      0.335   5051.465 
  female                             -0.277      0.545     -1.347      0.787      0.262      0.609   5649.621 
  age                                 0.027      0.043     -0.060      0.111      0.378      0.538   4386.945 

Standardized Coefficients:      
  inflam                              0.298      0.061      0.170      0.411     23.427      0.000   4703.937 
  els                                -0.056      0.057     -0.166      0.059      0.935      0.334   5014.858 
  female                             -0.028      0.056     -0.136      0.080      0.263      0.608   5667.001 
  age                                 0.033      0.051     -0.071      0.132      0.382      0.536   4342.729 

Proportion Variance Explained   
  by Coefficients                     0.101      0.036      0.040      0.180        ---        ---   4997.873 
  by Residual Variation               0.899      0.036      0.820      0.960        ---        ---   4997.873 

                                ------------------------------------------------------------------------------



Outcome Variable:  var(dpdd)  

Grand Mean Centered: age inflam


Parameters                         Estimate     StdDev       2.5%      97.5%      ChiSq     PValue      N_Eff 
                                ------------------------------------------------------------------------------

Coefficients:                   
  Intercept                           2.967      0.107      2.763      3.182    775.222      0.000    855.371 
  inflam                              0.118      0.035      0.051      0.191     11.546      0.001   1465.679 
  age                                 0.017      0.018     -0.018      0.051      0.963      0.326   1332.440 
  age^2                              -0.002      0.002     -0.006      0.002      1.496      0.221    756.699 

                                ------------------------------------------------------------------------------




PREDICTOR MODEL ESTIMATES:

  Summaries based on 10000 iterations using 4 chains.
  NOTE: Estimate column based on posterior median.



Complete predictor: female     

Parameters                         Estimate     StdDev       2.5%      97.5%      ChiSq     PValue      N_Eff 
                                ------------------------------------------------------------------------------

Grand Mean                           -0.356      0.076     -0.504     -0.209     22.196      0.000   4302.079 

Level 1:                                                                                                      
  els                                 0.046      0.094     -0.142      0.230      0.229      0.632   2299.211 
  age                                -0.028      0.014     -0.054      0.000      3.883      0.049   4213.230 
  inflam                              0.010      0.028     -0.045      0.064      0.139      0.709   3830.243 
  Residual Var.                       1.000      0.000      1.000      1.000        ---        ---        --- 
Thresholds:                                                                                                   
  Tau 1                               0.000      0.000      0.000      0.000        ---        ---        --- 
                                                                                                              
                                ------------------------------------------------------------------------------



Missing predictor:  els        

Parameters                         Estimate     StdDev       2.5%      97.5%      ChiSq     PValue      N_Eff 
                                ------------------------------------------------------------------------------

Grand Mean                           -0.296      0.078     -0.450     -0.146     14.404      0.000   2880.827 

Level 1:                                                                                                      
  female                              0.044      0.093     -0.136      0.229      0.224      0.636   2210.585 
  age                                -0.038      0.014     -0.066     -0.010      7.233      0.007   3194.611 
  inflam                              0.048      0.027     -0.004      0.102      3.200      0.074   3647.188 
  Residual Var.                       1.000      0.000      1.000      1.000        ---        ---        --- 
Thresholds:                                                                                                   
  Tau 1                               0.000      0.000      0.000      0.000        ---        ---        --- 
                                                                                                              
                                ------------------------------------------------------------------------------



Complete predictor: age        

Parameters                         Estimate     StdDev       2.5%      97.5%      ChiSq     PValue      N_Eff 
                                ------------------------------------------------------------------------------

Grand Mean                           45.582      0.326     44.943     46.218  19568.289      0.000   1916.812 

Level 1:                                                                                                      
  female                             -0.812      0.403     -1.601     -0.015      4.063      0.044   6029.899 
  els                                -1.113      0.406     -1.906     -0.315      7.543      0.006   5471.438 
  inflam                              0.187      0.119     -0.042      0.420      2.458      0.117   7344.066 
  Residual Var.                      29.765      2.540     25.215     35.063        ---        ---   8613.633 
                                                                                                              
                                ------------------------------------------------------------------------------



Missing predictor:  inflam     

Parameters                         Estimate     StdDev       2.5%      97.5%      ChiSq     PValue      N_Eff 
                                ------------------------------------------------------------------------------

Grand Mean                            0.020      0.166     -0.294      0.344      0.018      0.893   1668.593 

Level 1:                                                                                                      
  female                              0.080      0.217     -0.350      0.499      0.132      0.716   4705.068 
  els                                 0.380      0.214     -0.040      0.796      3.126      0.077   5377.286 
  age                                 0.049      0.032     -0.014      0.114      2.371      0.124   6333.242 
  Residual Var.                       7.939      0.697      6.718      9.427        ---        ---   7106.614 
                                                                                                              
                                ------------------------------------------------------------------------------


Wrote:
  /Users/craig/Dropbox/Research/Applied Data Modeling in Blimp/Figures/Figure 3.9.pdf
  /Users/craig/Dropbox/Research/Applied Data Modeling in Blimp/Figures/Figure 3.9.png
