! Setting executable does not persist on exit.
→ Checking for Blimp Update...

ITERATION HISTORY:

  Chain 1 burn-in started on Jun 17 18:24:12 2026
  Chain 2 burn-in started on Jun 17 18:24:12 2026
  Chain 4 burn-in started on Jun 17 18:24:12 2026
  Chain 3 burn-in started on Jun 17 18:24:12 2026
  Chain 1 burn-in iteration 2500 completed on Jun 17 18:24:12 2026
  Chain 4 burn-in iteration 2500 completed on Jun 17 18:24:12 2026
  Chain 2 burn-in iteration 2500 completed on Jun 17 18:24:12 2026
  Chain 3 burn-in iteration 2500 completed on Jun 17 18:24:12 2026
  Chain 1 burn-in iteration 5000 completed on Jun 17 18:24:12 2026
  Chain 4 burn-in iteration 5000 completed on Jun 17 18:24:12 2026
  Chain 3 burn-in iteration 5000 completed on Jun 17 18:24:12 2026
  Chain 2 burn-in iteration 5000 completed on Jun 17 18:24:12 2026
  Chain 1 burn-in iteration 7500 completed on Jun 17 18:24:12 2026
  Chain 4 burn-in iteration 7500 completed on Jun 17 18:24:12 2026
  Chain 3 burn-in iteration 7500 completed on Jun 17 18:24:12 2026
  Chain 2 burn-in iteration 7500 completed on Jun 17 18:24:12 2026
  Chain 1 burn-in iteration 10000 completed on Jun 17 18:24:12 2026
  Chain 1 completed burn-in on Jun 17 18:24:12 2026
  Chain 4 burn-in iteration 10000 completed on Jun 17 18:24:12 2026
  Chain 4 completed burn-in on Jun 17 18:24:12 2026
  Chain 2 burn-in iteration 10000 completed on Jun 17 18:24:12 2026
  Chain 2 completed burn-in on Jun 17 18:24:12 2026
  Chain 3 burn-in iteration 10000 completed on Jun 17 18:24:12 2026
  Chain 3 completed burn-in on Jun 17 18:24:12 2026
  Chain 1 completed iteration 625 on Jun 17 18:24:12 2026
  Chain 4 completed iteration 625 on Jun 17 18:24:12 2026
  Chain 2 completed iteration 625 on Jun 17 18:24:12 2026
  Chain 3 completed iteration 625 on Jun 17 18:24:12 2026
  Chain 1 completed iteration 1250 on Jun 17 18:24:12 2026
  Chain 4 completed iteration 1250 on Jun 17 18:24:12 2026
  Chain 2 completed iteration 1250 on Jun 17 18:24:12 2026
  Chain 3 completed iteration 1250 on Jun 17 18:24:12 2026
  Chain 1 completed iteration 1875 on Jun 17 18:24:12 2026
  Chain 3 completed iteration 1875 on Jun 17 18:24:12 2026
  Chain 2 completed iteration 1875 on Jun 17 18:24:12 2026
  Chain 4 completed iteration 1875 on Jun 17 18:24:12 2026
  Chain 1 completed iteration 2500 on Jun 17 18:24:12 2026
  Chain 1 finished on Jun 17 18:24:12 2026
  Chain 3 completed iteration 2500 on Jun 17 18:24:12 2026
  Chain 3 finished on Jun 17 18:24:12 2026
  Chain 2 completed iteration 2500 on Jun 17 18:24:12 2026
  Chain 2 finished on Jun 17 18:24:12 2026
  Chain 4 completed iteration 2500 on Jun 17 18:24:12 2026
  Chain 4 finished on Jun 17 18:24:12 2026


---------------------------------------------------------------------------

                                   Blimp
                              4.0.5-nightly15

             Blimp was developed with funding from Institute of
           Education Sciences awards R305D150056 and R305D190002.

            Craig K. Enders, P.I. Email: cenders@psych.ucla.edu
           Brian T. Keller, Co-P.I. Email: btkeller@missouri.edu
                 Han Du, Co-P.I. Email: hdu@psych.ucla.edu
                 Roy Levy, Co-P.I. Email: roy.levy@asu.edu

              Programming and Blimp Studio by Brian T. Keller

                   There is no expressed license given.

---------------------------------------------------------------------------


ALGORITHMIC OPTIONS SPECIFIED:

  Imputation method:                 Fully Bayesian model-based
  MCMC algorithm:                    Full conditional Metropolis sampler with
                                       Auto-Derived Conditional Distributions
  Default Priors:
    Multilevel covariance matrices:  Not applicable, single-level imputation
    Outcome covariance matrices:     Zero matrix, df = -(p + 1) (PRIOR2)
    Predictor model variances:       Unit sum of squares, df = 2 (XPRIOR1)
  Chain Starting Values:             Random starting values


  NOTE: The default prior for regression coefficients 
        in categorical models is 'normal( 0.0, 5.0)'

  NOTE: For complete list of priors include 'pinfo' in the options.


BURN-IN POTENTIAL SCALE REDUCTION (PSR) OUTPUT:

  NOTE: Rank-normalized Rhat (Vehtari et al., 2021) is being used.
        This applies rank normalization and chain folding for robust
        convergence detection across all chains.

  Comparing iterations across 4 chains     Highest Rhat   Parameter #  
                          251 to 500             1.048            23  
                          501 to 1000            1.024            19  
                          751 to 1500            1.012             9  
                         1001 to 2000            1.007             2  
                         1251 to 2500            1.011            23  
                         1501 to 3000            1.006            23  
                         1751 to 3500            1.013            23  
                         2001 to 4000            1.013            23  
                         2251 to 4500            1.003            23  
                         2501 to 5000            1.004            23  
                         2751 to 5500            1.004            23  
                         3001 to 6000            1.003            19  
                         3251 to 6500            1.003            19  
                         3501 to 7000            1.005            23  
                         3751 to 7500            1.008            23  
                         4001 to 8000            1.005            23  
                         4251 to 8500            1.002             6  
                         4501 to 9000            1.003            23  
                         4751 to 9500            1.003            23  
                         5001 to 10000           1.005            23  


METROPOLIS-HASTINGS ACCEPTANCE RATES:

  Chain 1:

    Variable                            Type    Probability   Target Value 
    esl                           imputation          0.480          0.500 
    lrnprob                       imputation          0.499          0.500 
    lrnprob                        parameter          0.489          0.500 
    read1                         imputation          0.503          0.500 
    read1                          parameter          0.507          0.500 

  NOTE: Suppressing printing of 3 chains.
        Use keyword 'tuneinfo' in options to override.


DATA INFORMATION:

  Sample Size:              138
  Missing Data Info:

                      Pattern #:       1     2     3     4     5     6     7     8
                          miss % --------------------------------------------------
                    read9 = 17.4       -     M     -     -     -     M     -     M  
                      esl =  5.1       -     -     -     M     -     M     M     -  
                  lrnprob =  2.2       -     -     -     -     M     -     -     -  
                    read1 =  6.5       -     -     M     -     -     -     M     M  
                                 --------------------------------------------------
                                 %  71.7  15.2   5.1   2.9   2.2   1.4   0.7   0.7


MODEL INFORMATION:

  NUMBER OF PARAMETERS
    Outcome Models:         6
    Predictor Models:       11

  PREDICTORS
    Incomplete continuous:  lrnprob read1
    Incomplete ordinal:     esl

  CENTERED PREDICTORS
    Grand Mean Centered:    lrnprob read1

  MODELS
    [1]  read9 ~ Intercept read1 lrnprob esl read1*lrnprob


 WARNING MESSAGES:

  No warning messages.


MODEL FIT:


  INFORMATION CRITERIA

    Conditional Likelihood
      DIC2                  997.299
      WAIC                  1010.572


IMPUTED DATA SUMMARIES:

  NOTE: Imputed data summaries are averaged across 10000 data sets.


Variables                              Mean     StdDev        25%        50%        75%        Min        Max 
                                ------------------------------------------------------------------------------

  read9                              88.251     14.678     80.724     88.594     97.170     40.955    124.072 
  esl                                 0.481      0.501      0.000      0.021      1.000      0.000      1.000 
  lrnprob                            52.330     10.791     45.000     51.000     60.637     30.596     88.011 
  read1                              86.796     19.608     74.135     85.957     99.472     38.831    153.000 

                                ------------------------------------------------------------------------------



CORRELATIONS AMONG RESIDUALS:

  No residual correlations.



OUTCOME MODEL ESTIMATES:

  Summaries based on 10000 iterations using 4 chains.
  NOTE: Estimate column based on posterior median.


Outcome Variable:  read9      

Grand Mean Centered: lrnprob read1


Parameters                         Estimate     StdDev       2.5%      97.5%      ChiSq     PValue      N_Eff 
                                ------------------------------------------------------------------------------
Variances:                      
  Residual Var.                      72.292     10.699     54.796     96.511        ---        ---   4960.645 

Coefficients:                   
  Intercept                          91.766      1.607     88.620     94.922   3258.879      0.000   1183.048 
  read1                               0.578      0.047      0.487      0.671    154.325      0.000   3732.992 
  lrnprob                            -0.298      0.096     -0.483     -0.109      9.751      0.002   2032.136 
  esl                                -7.301      1.796    -10.823     -3.799     16.460      0.000   4730.483 
  read1*lrnprob                       0.015      0.005      0.006      0.024     10.638      0.001   2301.547 

Standard Deviations:            
  Residual SD                         8.502      0.619      7.402      9.824        ---        ---   4945.735 

Standardized Coefficients:      
  read1                               0.763      0.041      0.676      0.835    352.443      0.000   3224.902 
  lrnprob                            -0.217      0.068     -0.346     -0.080     10.082      0.001   2014.038 
  esl                                -0.246      0.059     -0.359     -0.129     17.384      0.000   4588.525 
  read1*lrnprob                       0.201      0.056      0.085      0.307     12.747      0.000   3492.845 

Proportion Variance Explained   
  by Coefficients                     0.672      0.044      0.573      0.747        ---        ---   4862.533 
  by Residual Variation               0.328      0.044      0.253      0.427        ---        ---   4862.533 

                                ------------------------------------------------------------------------------




PREDICTOR MODEL ESTIMATES:

  Summaries based on 10000 iterations using 4 chains.
  NOTE: Estimate column based on posterior median.



Missing predictor:  esl        

Parameters                         Estimate     StdDev       2.5%      97.5%      ChiSq     PValue      N_Eff 
                                ------------------------------------------------------------------------------

Grand Mean                           -0.054      0.117     -0.277      0.184      0.201      0.654   2599.037 

Level 1:                                                                                                      
  lrnprob                             0.023      0.010      0.003      0.043      4.848      0.028   3382.429 
  read1                               0.016      0.006      0.004      0.028      7.123      0.008   2679.087 
  Residual Var.                       1.000      0.000      1.000      1.000        ---        ---        --- 
Thresholds:                                                                                                   
  Tau 1                               0.000      0.000      0.000      0.000        ---        ---        --- 
                                                                                                              
                                ------------------------------------------------------------------------------



Missing predictor:  lrnprob    

Parameters                         Estimate     StdDev       2.5%      97.5%      ChiSq     PValue      N_Eff 
                                ------------------------------------------------------------------------------

Grand Mean                           52.381      0.939     50.535     54.131   3106.344      0.000   1572.270 

Level 1:                                                                                                      
  esl                                 2.495      1.115      0.317      4.640      4.950      0.026   5591.694 
  read1                              -0.047      0.052     -0.150      0.054      0.854      0.355   6566.253 
  Residual Var.                     109.671     14.361     86.167    142.668        ---        ---   7725.233 
                                                                                                              
                                ------------------------------------------------------------------------------



Missing predictor:  read1      

Parameters                         Estimate     StdDev       2.5%      97.5%      ChiSq     PValue      N_Eff 
                                ------------------------------------------------------------------------------

Grand Mean                           86.744      1.723     83.373     90.174   2535.968      0.000    523.287 

Level 1:                                                                                                      
  esl                                 5.499      1.954      1.643      9.204      7.885      0.005   4896.039 
  lrnprob                            -0.155      0.165     -0.489      0.163      0.895      0.344   5099.337 
  Residual Var.                     350.977     46.485    273.355    455.662        ---        ---   6790.524 
                                                                                                              
                                ------------------------------------------------------------------------------



ITERATION HISTORY:

  Chain 1 burn-in started on Jun 17 18:24:16 2026
  Chain 2 burn-in started on Jun 17 18:24:16 2026
  Chain 4 burn-in started on Jun 17 18:24:16 2026
  Chain 3 burn-in started on Jun 17 18:24:16 2026
  Chain 1 burn-in iteration 2500 completed on Jun 17 18:24:16 2026
  Chain 2 burn-in iteration 2500 completed on Jun 17 18:24:16 2026
  Chain 4 burn-in iteration 2500 completed on Jun 17 18:24:16 2026
  Chain 3 burn-in iteration 2500 completed on Jun 17 18:24:16 2026
  Chain 2 burn-in iteration 5000 completed on Jun 17 18:24:17 2026
  Chain 4 burn-in iteration 5000 completed on Jun 17 18:24:17 2026
  Chain 1 burn-in iteration 5000 completed on Jun 17 18:24:17 2026
  Chain 3 burn-in iteration 5000 completed on Jun 17 18:24:17 2026
  Chain 2 burn-in iteration 7500 completed on Jun 17 18:24:17 2026
  Chain 4 burn-in iteration 7500 completed on Jun 17 18:24:17 2026
  Chain 3 burn-in iteration 7500 completed on Jun 17 18:24:17 2026
  Chain 1 burn-in iteration 7500 completed on Jun 17 18:24:17 2026
  Chain 2 burn-in iteration 10000 completed on Jun 17 18:24:17 2026
  Chain 2 completed burn-in on Jun 17 18:24:17 2026
  Chain 3 burn-in iteration 10000 completed on Jun 17 18:24:17 2026
  Chain 3 completed burn-in on Jun 17 18:24:17 2026
  Chain 4 burn-in iteration 10000 completed on Jun 17 18:24:17 2026
  Chain 4 completed burn-in on Jun 17 18:24:17 2026
  Chain 1 burn-in iteration 10000 completed on Jun 17 18:24:17 2026
  Chain 1 completed burn-in on Jun 17 18:24:17 2026
  Chain 2 completed iteration 625 on Jun 17 18:24:17 2026
  Chain 3 completed iteration 625 on Jun 17 18:24:17 2026
  Chain 4 completed iteration 625 on Jun 17 18:24:17 2026
  Chain 1 completed iteration 625 on Jun 17 18:24:17 2026
  Chain 2 completed iteration 1250 on Jun 17 18:24:17 2026
  Chain 3 completed iteration 1250 on Jun 17 18:24:17 2026
  Chain 4 completed iteration 1250 on Jun 17 18:24:17 2026
  Chain 1 completed iteration 1250 on Jun 17 18:24:17 2026
  Chain 2 completed iteration 1875 on Jun 17 18:24:17 2026
  Chain 3 completed iteration 1875 on Jun 17 18:24:17 2026
  Chain 1 completed iteration 1875 on Jun 17 18:24:17 2026
  Chain 4 completed iteration 1875 on Jun 17 18:24:17 2026
  Chain 2 completed iteration 2500 on Jun 17 18:24:17 2026
  Chain 1 completed iteration 2500 on Jun 17 18:24:17 2026
  Chain 2 finished on Jun 17 18:24:17 2026
  Chain 1 finished on Jun 17 18:24:17 2026
  Chain 3 completed iteration 2500 on Jun 17 18:24:17 2026
  Chain 3 finished on Jun 17 18:24:17 2026
  Chain 4 completed iteration 2500 on Jun 17 18:24:17 2026
  Chain 4 finished on Jun 17 18:24:17 2026


---------------------------------------------------------------------------

                                   Blimp
                              4.0.5-nightly15

             Blimp was developed with funding from Institute of
           Education Sciences awards R305D150056 and R305D190002.

            Craig K. Enders, P.I. Email: cenders@psych.ucla.edu
           Brian T. Keller, Co-P.I. Email: btkeller@missouri.edu
                 Han Du, Co-P.I. Email: hdu@psych.ucla.edu
                 Roy Levy, Co-P.I. Email: roy.levy@asu.edu

              Programming and Blimp Studio by Brian T. Keller

                   There is no expressed license given.

---------------------------------------------------------------------------


ALGORITHMIC OPTIONS SPECIFIED:

  Imputation method:                 Fully Bayesian model-based
  MCMC algorithm:                    Full conditional Metropolis sampler with
                                       Auto-Derived Conditional Distributions
  Default Priors:
    Multilevel covariance matrices:  Not applicable, single-level imputation
    Outcome covariance matrices:     Zero matrix, df = -(p + 1) (PRIOR2)
    Predictor model variances:       Unit sum of squares, df = 2 (XPRIOR1)
  Chain Starting Values:             Random starting values


  NOTE: The default prior for regression coefficients 
        in categorical models is 'normal( 0.0, 5.0)'

  NOTE: For complete list of priors include 'pinfo' in the options.


BURN-IN POTENTIAL SCALE REDUCTION (PSR) OUTPUT:

  NOTE: Rank-normalized Rhat (Vehtari et al., 2021) is being used.
        This applies rank normalization and chain folding for robust
        convergence detection across all chains.

  Comparing iterations across 4 chains     Highest Rhat   Parameter #  
                          251 to 500             1.048            23  
                          501 to 1000            1.024            19  
                          751 to 1500            1.012             9  
                         1001 to 2000            1.007             2  
                         1251 to 2500            1.011            23  
                         1501 to 3000            1.006            23  
                         1751 to 3500            1.013            23  
                         2001 to 4000            1.013            23  
                         2251 to 4500            1.003            23  
                         2501 to 5000            1.004            23  
                         2751 to 5500            1.004            23  
                         3001 to 6000            1.003            19  
                         3251 to 6500            1.003            19  
                         3501 to 7000            1.005            23  
                         3751 to 7500            1.008            23  
                         4001 to 8000            1.005            23  
                         4251 to 8500            1.002             6  
                         4501 to 9000            1.003            23  
                         4751 to 9500            1.003            23  
                         5001 to 10000           1.005            23  


METROPOLIS-HASTINGS ACCEPTANCE RATES:

  Chain 1:

    Variable                            Type    Probability   Target Value 
    esl                           imputation          0.480          0.500 
    lrnprob                       imputation          0.499          0.500 
    lrnprob                        parameter          0.489          0.500 
    read1                         imputation          0.503          0.500 
    read1                          parameter          0.507          0.500 

  NOTE: Suppressing printing of 3 chains.
        Use keyword 'tuneinfo' in options to override.


DATA INFORMATION:

  Sample Size:              138
  Missing Data Info:

                      Pattern #:       1     2     3     4     5     6     7     8
                          miss % --------------------------------------------------
                    read9 = 17.4       -     M     -     -     -     M     -     M  
                      esl =  5.1       -     -     -     M     -     M     M     -  
                  lrnprob =  2.2       -     -     -     -     M     -     -     -  
                    read1 =  6.5       -     -     M     -     -     -     M     M  
                                 --------------------------------------------------
                                 %  71.7  15.2   5.1   2.9   2.2   1.4   0.7   0.7


MODEL INFORMATION:

  NUMBER OF PARAMETERS
    Outcome Models:         6
    Predictor Models:       11

  PREDICTORS
    Incomplete continuous:  lrnprob read1
    Incomplete ordinal:     esl

  CENTERED PREDICTORS
    Grand Mean Centered:    lrnprob read1

  MODELS
    [1]  read9 ~ Intercept read1 lrnprob esl read1*lrnprob


 WARNING MESSAGES:

  No warning messages.


MODEL FIT:


  INFORMATION CRITERIA

    Conditional Likelihood
      DIC2                  997.299
      WAIC                  1010.572


IMPUTED DATA SUMMARIES:

  NOTE: Imputed data summaries are averaged across 10000 data sets.


Variables                              Mean     StdDev        25%        50%        75%        Min        Max 
                                ------------------------------------------------------------------------------

  read9                              88.251     14.678     80.724     88.594     97.170     40.955    124.072 
  esl                                 0.481      0.501      0.000      0.021      1.000      0.000      1.000 
  lrnprob                            52.330     10.791     45.000     51.000     60.637     30.596     88.011 
  read1                              86.796     19.608     74.135     85.957     99.472     38.831    153.000 

                                ------------------------------------------------------------------------------



CORRELATIONS AMONG RESIDUALS:

  No residual correlations.



OUTCOME MODEL ESTIMATES:

  Summaries based on 10000 iterations using 4 chains.
  NOTE: Estimate column based on posterior median.


Outcome Variable:  read9      

Grand Mean Centered: lrnprob read1


Parameters                         Estimate     StdDev       2.5%      97.5%      ChiSq     PValue      N_Eff 
                                ------------------------------------------------------------------------------
Variances:                      
  Residual Var.                      72.292     10.699     54.796     96.511        ---        ---   4960.645 

Coefficients:                   
  Intercept                          91.766      1.607     88.620     94.922   3258.879      0.000   1183.048 
  read1                               0.578      0.047      0.487      0.671    154.325      0.000   3732.992 
  lrnprob                            -0.298      0.096     -0.483     -0.109      9.751      0.002   2032.136 
  esl                                -7.301      1.796    -10.823     -3.799     16.460      0.000   4730.483 
  read1*lrnprob                       0.015      0.005      0.006      0.024     10.638      0.001   2301.547 

Standard Deviations:            
  Residual SD                         8.502      0.619      7.402      9.824        ---        ---   4945.735 

Standardized Coefficients:      
  read1                               0.763      0.041      0.676      0.835    352.443      0.000   3224.902 
  lrnprob                            -0.217      0.068     -0.346     -0.080     10.082      0.001   2014.038 
  esl                                -0.246      0.059     -0.359     -0.129     17.384      0.000   4588.525 
  read1*lrnprob                       0.201      0.056      0.085      0.307     12.747      0.000   3492.845 

Proportion Variance Explained   
  by Coefficients                     0.672      0.044      0.573      0.747        ---        ---   4862.533 
  by Residual Variation               0.328      0.044      0.253      0.427        ---        ---   4862.533 

                                ------------------------------------------------------------------------------



Conditional Effects                Estimate     StdDev       2.5%      97.5%      ChiSq     PValue      N_Eff 
                                ------------------------------------------------------------------------------
  read1 | lrnprob @ +1 SD                                                                                     
    Intercept                        88.494      2.259     84.107     92.945   1534.830      0.000   1216.106 
    Slope                             0.742      0.076      0.596      0.895     95.504      0.000   2507.469 
                                                                                                              
  read1 | lrnprob @ 0                                                                                         
    Intercept                        91.766      1.607     88.620     94.922   3258.879      0.000   1183.048 
    Slope                             0.578      0.047      0.487      0.671    154.325      0.000   3732.992 
                                                                                                              
  read1 | lrnprob @ -1 SD                                                                                     
    Intercept                        95.016      1.530     92.015     98.061   3857.439      0.000   1870.121 
    Slope                             0.415      0.062      0.288      0.533     44.570      0.000   4505.144 
                                                                                                              
                                ------------------------------------------------------------------------------

                                NOTE: Intercepts are computed by setting all predictors
                                      not involved in the conditional effect to zero.




PREDICTOR MODEL ESTIMATES:

  Summaries based on 10000 iterations using 4 chains.
  NOTE: Estimate column based on posterior median.



Missing predictor:  esl        

Parameters                         Estimate     StdDev       2.5%      97.5%      ChiSq     PValue      N_Eff 
                                ------------------------------------------------------------------------------

Grand Mean                           -0.054      0.117     -0.277      0.184      0.201      0.654   2599.037 

Level 1:                                                                                                      
  lrnprob                             0.023      0.010      0.003      0.043      4.848      0.028   3382.429 
  read1                               0.016      0.006      0.004      0.028      7.123      0.008   2679.087 
  Residual Var.                       1.000      0.000      1.000      1.000        ---        ---        --- 
Thresholds:                                                                                                   
  Tau 1                               0.000      0.000      0.000      0.000        ---        ---        --- 
                                                                                                              
                                ------------------------------------------------------------------------------



Missing predictor:  lrnprob    

Parameters                         Estimate     StdDev       2.5%      97.5%      ChiSq     PValue      N_Eff 
                                ------------------------------------------------------------------------------

Grand Mean                           52.381      0.939     50.535     54.131   3106.344      0.000   1572.270 

Level 1:                                                                                                      
  esl                                 2.495      1.115      0.317      4.640      4.950      0.026   5591.694 
  read1                              -0.047      0.052     -0.150      0.054      0.854      0.355   6566.253 
  Residual Var.                     109.671     14.361     86.167    142.668        ---        ---   7725.233 
                                                                                                              
                                ------------------------------------------------------------------------------



Missing predictor:  read1      

Parameters                         Estimate     StdDev       2.5%      97.5%      ChiSq     PValue      N_Eff 
                                ------------------------------------------------------------------------------

Grand Mean                           86.744      1.723     83.373     90.174   2535.968      0.000    523.287 

Level 1:                                                                                                      
  esl                                 5.499      1.954      1.643      9.204      7.885      0.005   4896.039 
  lrnprob                            -0.155      0.165     -0.489      0.163      0.895      0.344   5099.337 
  Residual Var.                     350.977     46.485    273.355    455.662        ---        ---   6790.524 
                                                                                                              
                                ------------------------------------------------------------------------------



ITERATION HISTORY:

  Chain 1 burn-in started on Jun 17 18:24:21 2026
  Chain 2 burn-in started on Jun 17 18:24:21 2026
  Chain 4 burn-in started on Jun 17 18:24:21 2026
  Chain 3 burn-in started on Jun 17 18:24:21 2026
  Chain 3 burn-in iteration 2500 completed on Jun 17 18:24:21 2026
  Chain 4 burn-in iteration 2500 completed on Jun 17 18:24:21 2026
  Chain 2 burn-in iteration 2500 completed on Jun 17 18:24:21 2026
  Chain 1 burn-in iteration 2500 completed on Jun 17 18:24:21 2026
  Chain 3 burn-in iteration 5000 completed on Jun 17 18:24:22 2026
  Chain 4 burn-in iteration 5000 completed on Jun 17 18:24:22 2026
  Chain 2 burn-in iteration 5000 completed on Jun 17 18:24:22 2026
  Chain 1 burn-in iteration 5000 completed on Jun 17 18:24:22 2026
  Chain 4 burn-in iteration 7500 completed on Jun 17 18:24:22 2026
  Chain 3 burn-in iteration 7500 completed on Jun 17 18:24:22 2026
  Chain 2 burn-in iteration 7500 completed on Jun 17 18:24:22 2026
  Chain 1 burn-in iteration 7500 completed on Jun 17 18:24:22 2026
  Chain 4 burn-in iteration 10000 completed on Jun 17 18:24:22 2026
  Chain 4 completed burn-in on Jun 17 18:24:22 2026
  Chain 3 burn-in iteration 10000 completed on Jun 17 18:24:22 2026
  Chain 3 completed burn-in on Jun 17 18:24:22 2026
  Chain 2 burn-in iteration 10000 completed on Jun 17 18:24:22 2026
  Chain 2 completed burn-in on Jun 17 18:24:22 2026
  Chain 1 burn-in iteration 10000 completed on Jun 17 18:24:22 2026
  Chain 1 completed burn-in on Jun 17 18:24:22 2026
  Chain 4 completed iteration 625 on Jun 17 18:24:22 2026
  Chain 3 completed iteration 625 on Jun 17 18:24:22 2026
  Chain 2 completed iteration 625 on Jun 17 18:24:22 2026
  Chain 1 completed iteration 625 on Jun 17 18:24:22 2026
  Chain 4 completed iteration 1250 on Jun 17 18:24:22 2026
  Chain 3 completed iteration 1250 on Jun 17 18:24:22 2026
  Chain 1 completed iteration 1250 on Jun 17 18:24:22 2026
  Chain 2 completed iteration 1250 on Jun 17 18:24:22 2026
  Chain 4 completed iteration 1875 on Jun 17 18:24:22 2026
  Chain 3 completed iteration 1875 on Jun 17 18:24:22 2026
  Chain 1 completed iteration 1875 on Jun 17 18:24:22 2026
  Chain 2 completed iteration 1875 on Jun 17 18:24:22 2026
  Chain 4 completed iteration 2500 on Jun 17 18:24:22 2026
  Chain 4 finished on Jun 17 18:24:22 2026
  Chain 3 completed iteration 2500 on Jun 17 18:24:22 2026
  Chain 3 finished on Jun 17 18:24:22 2026
  Chain 1 completed iteration 2500 on Jun 17 18:24:22 2026
  Chain 1 finished on Jun 17 18:24:22 2026
  Chain 2 completed iteration 2500 on Jun 17 18:24:22 2026
  Chain 2 finished on Jun 17 18:24:22 2026


---------------------------------------------------------------------------

                                   Blimp
                              4.0.5-nightly15

             Blimp was developed with funding from Institute of
           Education Sciences awards R305D150056 and R305D190002.

            Craig K. Enders, P.I. Email: cenders@psych.ucla.edu
           Brian T. Keller, Co-P.I. Email: btkeller@missouri.edu
                 Han Du, Co-P.I. Email: hdu@psych.ucla.edu
                 Roy Levy, Co-P.I. Email: roy.levy@asu.edu

              Programming and Blimp Studio by Brian T. Keller

                   There is no expressed license given.

---------------------------------------------------------------------------


ALGORITHMIC OPTIONS SPECIFIED:

  Imputation method:                 Fully Bayesian model-based
  MCMC algorithm:                    Full conditional Metropolis sampler with
                                       Auto-Derived Conditional Distributions
  Default Priors:
    Multilevel covariance matrices:  Not applicable, single-level imputation
    Outcome covariance matrices:     Zero matrix, df = -(p + 1) (PRIOR2)
    Predictor model variances:       Unit sum of squares, df = 2 (XPRIOR1)
  Chain Starting Values:             Random starting values


  NOTE: The default prior for regression coefficients 
        in categorical models is 'normal( 0.0, 5.0)'

  NOTE: For complete list of priors include 'pinfo' in the options.


BURN-IN POTENTIAL SCALE REDUCTION (PSR) OUTPUT:

  NOTE: Rank-normalized Rhat (Vehtari et al., 2021) is being used.
        This applies rank normalization and chain folding for robust
        convergence detection across all chains.

  Comparing iterations across 4 chains     Highest Rhat   Parameter #  
                          251 to 500             1.048            23  
                          501 to 1000            1.024            19  
                          751 to 1500            1.012             9  
                         1001 to 2000            1.007             2  
                         1251 to 2500            1.011            23  
                         1501 to 3000            1.006            23  
                         1751 to 3500            1.013            23  
                         2001 to 4000            1.013            23  
                         2251 to 4500            1.003            23  
                         2501 to 5000            1.004            23  
                         2751 to 5500            1.004            23  
                         3001 to 6000            1.003            19  
                         3251 to 6500            1.003            19  
                         3501 to 7000            1.005            23  
                         3751 to 7500            1.008            23  
                         4001 to 8000            1.005            23  
                         4251 to 8500            1.002             6  
                         4501 to 9000            1.003            23  
                         4751 to 9500            1.003            23  
                         5001 to 10000           1.005            23  


METROPOLIS-HASTINGS ACCEPTANCE RATES:

  Chain 1:

    Variable                            Type    Probability   Target Value 
    esl                           imputation          0.480          0.500 
    lrnprob                       imputation          0.499          0.500 
    lrnprob                        parameter          0.489          0.500 
    read1                         imputation          0.503          0.500 
    read1                          parameter          0.507          0.500 

  NOTE: Suppressing printing of 3 chains.
        Use keyword 'tuneinfo' in options to override.


DATA INFORMATION:

  Sample Size:              138
  Missing Data Info:

                      Pattern #:       1     2     3     4     5     6     7     8
                          miss % --------------------------------------------------
                    read9 = 17.4       -     M     -     -     -     M     -     M  
                      esl =  5.1       -     -     -     M     -     M     M     -  
                  lrnprob =  2.2       -     -     -     -     M     -     -     -  
                    read1 =  6.5       -     -     M     -     -     -     M     M  
                                 --------------------------------------------------
                                 %  71.7  15.2   5.1   2.9   2.2   1.4   0.7   0.7


MODEL INFORMATION:

  NUMBER OF PARAMETERS
    Outcome Models:         6
    Predictor Models:       11

  PREDICTORS
    Incomplete continuous:  lrnprob read1
    Incomplete ordinal:     esl

  CENTERED PREDICTORS
    Grand Mean Centered:    lrnprob read1

  MODELS
    [1]  read9 ~ Intercept read1 lrnprob esl read1*lrnprob


 WARNING MESSAGES:

  No warning messages.


MODEL FIT:


  INFORMATION CRITERIA

    Conditional Likelihood
      DIC2                  997.299
      WAIC                  1010.572


IMPUTED DATA SUMMARIES:

  NOTE: Imputed data summaries are averaged across 10000 data sets.


Variables                              Mean     StdDev        25%        50%        75%        Min        Max 
                                ------------------------------------------------------------------------------

  read9                              88.251     14.678     80.724     88.594     97.170     40.955    124.072 
  esl                                 0.481      0.501      0.000      0.021      1.000      0.000      1.000 
  lrnprob                            52.330     10.791     45.000     51.000     60.637     30.596     88.011 
  read1                              86.796     19.608     74.135     85.957     99.472     38.831    153.000 

                                ------------------------------------------------------------------------------



CORRELATIONS AMONG RESIDUALS:

  No residual correlations.



OUTCOME MODEL ESTIMATES:

  Summaries based on 10000 iterations using 4 chains.
  NOTE: Estimate column based on posterior median.


Outcome Variable:  read9      

Grand Mean Centered: lrnprob read1


Parameters                         Estimate     StdDev       2.5%      97.5%      ChiSq     PValue      N_Eff 
                                ------------------------------------------------------------------------------
Variances:                      
  Residual Var.                      72.292     10.699     54.796     96.511        ---        ---   4960.645 

Coefficients:                   
  Intercept                          91.766      1.607     88.620     94.922   3258.879      0.000   1183.048 
  read1                               0.578      0.047      0.487      0.671    154.325      0.000   3732.992 
  lrnprob                            -0.298      0.096     -0.483     -0.109      9.751      0.002   2032.136 
  esl                                -7.301      1.796    -10.823     -3.799     16.460      0.000   4730.483 
  read1*lrnprob                       0.015      0.005      0.006      0.024     10.638      0.001   2301.547 

Standard Deviations:            
  Residual SD                         8.502      0.619      7.402      9.824        ---        ---   4945.735 

Standardized Coefficients:      
  read1                               0.763      0.041      0.676      0.835    352.443      0.000   3224.902 
  lrnprob                            -0.217      0.068     -0.346     -0.080     10.082      0.001   2014.038 
  esl                                -0.246      0.059     -0.359     -0.129     17.384      0.000   4588.525 
  read1*lrnprob                       0.201      0.056      0.085      0.307     12.747      0.000   3492.845 

Proportion Variance Explained   
  by Coefficients                     0.672      0.044      0.573      0.747        ---        ---   4862.533 
  by Residual Variation               0.328      0.044      0.253      0.427        ---        ---   4862.533 

                                ------------------------------------------------------------------------------



Conditional Effects                Estimate     StdDev       2.5%      97.5%      ChiSq     PValue      N_Eff 
                                ------------------------------------------------------------------------------
  read1 | lrnprob @ Q84                                                                                       
    Intercept                        88.734      2.182     84.481     93.017   1654.579      0.000   1208.740 
    Slope                             0.731      0.071      0.591      0.870    105.804      0.000   2635.214 
                                                                                                              
  read1 | lrnprob @ Q50                                                                                       
    Intercept                        92.173      1.532     89.182     95.192   3618.281      0.000   1189.117 
    Slope                             0.558      0.043      0.471      0.643    164.688      0.000   5588.412 
                                                                                                              
  read1 | lrnprob @ Q16                                                                                       
    Intercept                        95.477      1.527     92.451     98.433   3908.854      0.000   1930.024 
    Slope                             0.392      0.064      0.266      0.519     37.169      0.000   4675.086 
                                                                                                              
                                ------------------------------------------------------------------------------

                                NOTE: Intercepts are computed by setting all predictors
                                      not involved in the conditional effect to zero.




PREDICTOR MODEL ESTIMATES:

  Summaries based on 10000 iterations using 4 chains.
  NOTE: Estimate column based on posterior median.



Missing predictor:  esl        

Parameters                         Estimate     StdDev       2.5%      97.5%      ChiSq     PValue      N_Eff 
                                ------------------------------------------------------------------------------

Grand Mean                           -0.054      0.117     -0.277      0.184      0.201      0.654   2599.037 

Level 1:                                                                                                      
  lrnprob                             0.023      0.010      0.003      0.043      4.848      0.028   3382.429 
  read1                               0.016      0.006      0.004      0.028      7.123      0.008   2679.087 
  Residual Var.                       1.000      0.000      1.000      1.000        ---        ---        --- 
Thresholds:                                                                                                   
  Tau 1                               0.000      0.000      0.000      0.000        ---        ---        --- 
                                                                                                              
                                ------------------------------------------------------------------------------



Missing predictor:  lrnprob    

Parameters                         Estimate     StdDev       2.5%      97.5%      ChiSq     PValue      N_Eff 
                                ------------------------------------------------------------------------------

Grand Mean                           52.381      0.939     50.535     54.131   3106.344      0.000   1572.270 

Level 1:                                                                                                      
  esl                                 2.495      1.115      0.317      4.640      4.950      0.026   5591.694 
  read1                              -0.047      0.052     -0.150      0.054      0.854      0.355   6566.253 
  Residual Var.                     109.671     14.361     86.167    142.668        ---        ---   7725.233 
                                                                                                              
                                ------------------------------------------------------------------------------



Missing predictor:  read1      

Parameters                         Estimate     StdDev       2.5%      97.5%      ChiSq     PValue      N_Eff 
                                ------------------------------------------------------------------------------

Grand Mean                           86.744      1.723     83.373     90.174   2535.968      0.000    523.287 

Level 1:                                                                                                      
  esl                                 5.499      1.954      1.643      9.204      7.885      0.005   4896.039 
  lrnprob                            -0.155      0.165     -0.489      0.163      0.895      0.344   5099.337 
  Residual Var.                     350.977     46.485    273.355    455.662        ---        ---   6790.524 
                                                                                                              
                                ------------------------------------------------------------------------------



ITERATION HISTORY:

  Chain 1 burn-in started on Jun 17 18:24:26 2026
  Chain 2 burn-in started on Jun 17 18:24:26 2026
  Chain 4 burn-in started on Jun 17 18:24:26 2026
  Chain 3 burn-in started on Jun 17 18:24:26 2026
  Chain 4 burn-in iteration 2500 completed on Jun 17 18:24:26 2026
  Chain 3 burn-in iteration 2500 completed on Jun 17 18:24:26 2026
  Chain 1 burn-in iteration 2500 completed on Jun 17 18:24:26 2026
  Chain 2 burn-in iteration 2500 completed on Jun 17 18:24:26 2026
  Chain 4 burn-in iteration 5000 completed on Jun 17 18:24:27 2026
  Chain 3 burn-in iteration 5000 completed on Jun 17 18:24:27 2026
  Chain 1 burn-in iteration 5000 completed on Jun 17 18:24:27 2026
  Chain 2 burn-in iteration 5000 completed on Jun 17 18:24:27 2026
  Chain 4 burn-in iteration 7500 completed on Jun 17 18:24:27 2026
  Chain 2 burn-in iteration 7500 completed on Jun 17 18:24:27 2026
  Chain 3 burn-in iteration 7500 completed on Jun 17 18:24:27 2026
  Chain 1 burn-in iteration 7500 completed on Jun 17 18:24:27 2026
  Chain 4 burn-in iteration 10000 completed on Jun 17 18:24:27 2026
  Chain 4 completed burn-in on Jun 17 18:24:27 2026
  Chain 2 burn-in iteration 10000 completed on Jun 17 18:24:27 2026
  Chain 2 completed burn-in on Jun 17 18:24:27 2026
  Chain 3 burn-in iteration 10000 completed on Jun 17 18:24:27 2026
  Chain 3 completed burn-in on Jun 17 18:24:27 2026
  Chain 1 burn-in iteration 10000 completed on Jun 17 18:24:27 2026
  Chain 1 completed burn-in on Jun 17 18:24:27 2026
  Chain 4 completed iteration 625 on Jun 17 18:24:27 2026
  Chain 2 completed iteration 625 on Jun 17 18:24:27 2026
  Chain 3 completed iteration 625 on Jun 17 18:24:27 2026
  Chain 1 completed iteration 625 on Jun 17 18:24:27 2026
  Chain 4 completed iteration 1250 on Jun 17 18:24:27 2026
  Chain 2 completed iteration 1250 on Jun 17 18:24:27 2026
  Chain 3 completed iteration 1250 on Jun 17 18:24:27 2026
  Chain 1 completed iteration 1250 on Jun 17 18:24:27 2026
  Chain 4 completed iteration 1875 on Jun 17 18:24:27 2026
  Chain 2 completed iteration 1875 on Jun 17 18:24:27 2026
  Chain 3 completed iteration 1875 on Jun 17 18:24:27 2026
  Chain 1 completed iteration 1875 on Jun 17 18:24:27 2026
  Chain 4 completed iteration 2500 on Jun 17 18:24:27 2026
  Chain 4 finished on Jun 17 18:24:27 2026
  Chain 2 completed iteration 2500 on Jun 17 18:24:27 2026
  Chain 2 finished on Jun 17 18:24:27 2026
  Chain 3 completed iteration 2500 on Jun 17 18:24:27 2026
  Chain 3 finished on Jun 17 18:24:27 2026
  Chain 1 completed iteration 2500 on Jun 17 18:24:27 2026
  Chain 1 finished on Jun 17 18:24:27 2026


---------------------------------------------------------------------------

                                   Blimp
                              4.0.5-nightly15

             Blimp was developed with funding from Institute of
           Education Sciences awards R305D150056 and R305D190002.

            Craig K. Enders, P.I. Email: cenders@psych.ucla.edu
           Brian T. Keller, Co-P.I. Email: btkeller@missouri.edu
                 Han Du, Co-P.I. Email: hdu@psych.ucla.edu
                 Roy Levy, Co-P.I. Email: roy.levy@asu.edu

              Programming and Blimp Studio by Brian T. Keller

                   There is no expressed license given.

---------------------------------------------------------------------------


ALGORITHMIC OPTIONS SPECIFIED:

  Imputation method:                 Fully Bayesian model-based
  MCMC algorithm:                    Full conditional Metropolis sampler with
                                       Auto-Derived Conditional Distributions
  Default Priors:
    Multilevel covariance matrices:  Not applicable, single-level imputation
    Outcome covariance matrices:     Zero matrix, df = -(p + 1) (PRIOR2)
    Predictor model variances:       Unit sum of squares, df = 2 (XPRIOR1)
  Chain Starting Values:             Random starting values


  NOTE: The default prior for regression coefficients 
        in categorical models is 'normal( 0.0, 5.0)'

  NOTE: For complete list of priors include 'pinfo' in the options.


BURN-IN POTENTIAL SCALE REDUCTION (PSR) OUTPUT:

  NOTE: Rank-normalized Rhat (Vehtari et al., 2021) is being used.
        This applies rank normalization and chain folding for robust
        convergence detection across all chains.

  Comparing iterations across 4 chains     Highest Rhat   Parameter #  
                          251 to 500             1.048            23  
                          501 to 1000            1.024            19  
                          751 to 1500            1.012             9  
                         1001 to 2000            1.007             2  
                         1251 to 2500            1.011            23  
                         1501 to 3000            1.006            23  
                         1751 to 3500            1.013            23  
                         2001 to 4000            1.013            23  
                         2251 to 4500            1.003            23  
                         2501 to 5000            1.004            23  
                         2751 to 5500            1.004            23  
                         3001 to 6000            1.003            19  
                         3251 to 6500            1.003            19  
                         3501 to 7000            1.005            23  
                         3751 to 7500            1.008            23  
                         4001 to 8000            1.005            23  
                         4251 to 8500            1.002             6  
                         4501 to 9000            1.003            23  
                         4751 to 9500            1.003            23  
                         5001 to 10000           1.005            23  


METROPOLIS-HASTINGS ACCEPTANCE RATES:

  Chain 1:

    Variable                            Type    Probability   Target Value 
    esl                           imputation          0.480          0.500 
    lrnprob                       imputation          0.499          0.500 
    lrnprob                        parameter          0.489          0.500 
    read1                         imputation          0.503          0.500 
    read1                          parameter          0.507          0.500 

  NOTE: Suppressing printing of 3 chains.
        Use keyword 'tuneinfo' in options to override.


DATA INFORMATION:

  Sample Size:              138
  Missing Data Info:

                      Pattern #:       1     2     3     4     5     6     7     8
                          miss % --------------------------------------------------
                    read9 = 17.4       -     M     -     -     -     M     -     M  
                      esl =  5.1       -     -     -     M     -     M     M     -  
                  lrnprob =  2.2       -     -     -     -     M     -     -     -  
                    read1 =  6.5       -     -     M     -     -     -     M     M  
                                 --------------------------------------------------
                                 %  71.7  15.2   5.1   2.9   2.2   1.4   0.7   0.7


MODEL INFORMATION:

  NUMBER OF PARAMETERS
    Outcome Models:         6
    Predictor Models:       11

  PREDICTORS
    Incomplete continuous:  lrnprob read1
    Incomplete ordinal:     esl

  CENTERED PREDICTORS
    Grand Mean Centered:    lrnprob read1

  MODELS
    [1]  read9 ~ Intercept read1 lrnprob esl read1*lrnprob


 WARNING MESSAGES:

  No warning messages.


MODEL FIT:


  INFORMATION CRITERIA

    Conditional Likelihood
      DIC2                  997.299
      WAIC                  1010.572


IMPUTED DATA SUMMARIES:

  NOTE: Imputed data summaries are averaged across 10000 data sets.


Variables                              Mean     StdDev        25%        50%        75%        Min        Max 
                                ------------------------------------------------------------------------------

  read9                              88.251     14.678     80.724     88.594     97.170     40.955    124.072 
  esl                                 0.481      0.501      0.000      0.021      1.000      0.000      1.000 
  lrnprob                            52.330     10.791     45.000     51.000     60.637     30.596     88.011 
  read1                              86.796     19.608     74.135     85.957     99.472     38.831    153.000 

                                ------------------------------------------------------------------------------



CORRELATIONS AMONG RESIDUALS:

  No residual correlations.



OUTCOME MODEL ESTIMATES:

  Summaries based on 10000 iterations using 4 chains.
  NOTE: Estimate column based on posterior median.


Outcome Variable:  read9      

Grand Mean Centered: lrnprob read1


Parameters                         Estimate     StdDev       2.5%      97.5%      ChiSq     PValue      N_Eff 
                                ------------------------------------------------------------------------------
Variances:                      
  Residual Var.                      72.292     10.699     54.796     96.511        ---        ---   4960.645 

Coefficients:                   
  Intercept                          91.766      1.607     88.620     94.922   3258.879      0.000   1183.048 
  read1                               0.578      0.047      0.487      0.671    154.325      0.000   3732.992 
  lrnprob                            -0.298      0.096     -0.483     -0.109      9.751      0.002   2032.136 
  esl                                -7.301      1.796    -10.823     -3.799     16.460      0.000   4730.483 
  read1*lrnprob                       0.015      0.005      0.006      0.024     10.638      0.001   2301.547 

Standard Deviations:            
  Residual SD                         8.502      0.619      7.402      9.824        ---        ---   4945.735 

Standardized Coefficients:      
  read1                               0.763      0.041      0.676      0.835    352.443      0.000   3224.902 
  lrnprob                            -0.217      0.068     -0.346     -0.080     10.082      0.001   2014.038 
  esl                                -0.246      0.059     -0.359     -0.129     17.384      0.000   4588.525 
  read1*lrnprob                       0.201      0.056      0.085      0.307     12.747      0.000   3492.845 

Proportion Variance Explained   
  by Coefficients                     0.672      0.044      0.573      0.747        ---        ---   4862.533 
  by Residual Variation               0.328      0.044      0.253      0.427        ---        ---   4862.533 

                                ------------------------------------------------------------------------------



Conditional Effects                Estimate     StdDev       2.5%      97.5%      ChiSq     PValue      N_Eff 
                                ------------------------------------------------------------------------------
  read1 | lrnprob @ Q75                                                                                       
    Intercept                        89.278      2.051     85.276     93.347   1895.422      0.000   1191.829 
    Slope                             0.703      0.064      0.576      0.828    118.998      0.000   2749.099 
                                                                                                              
  read1 | lrnprob @ Q50                                                                                       
    Intercept                        92.173      1.532     89.182     95.192   3618.281      0.000   1189.117 
    Slope                             0.558      0.043      0.471      0.643    164.688      0.000   5588.412 
                                                                                                              
  read1 | lrnprob @ Q25                                                                                       
    Intercept                        93.956      1.437     91.138     96.787   4277.416      0.000   1429.066 
    Slope                             0.468      0.050      0.371      0.565     88.371      0.000   6452.882 
                                                                                                              
                                ------------------------------------------------------------------------------

                                NOTE: Intercepts are computed by setting all predictors
                                      not involved in the conditional effect to zero.




PREDICTOR MODEL ESTIMATES:

  Summaries based on 10000 iterations using 4 chains.
  NOTE: Estimate column based on posterior median.



Missing predictor:  esl        

Parameters                         Estimate     StdDev       2.5%      97.5%      ChiSq     PValue      N_Eff 
                                ------------------------------------------------------------------------------

Grand Mean                           -0.054      0.117     -0.277      0.184      0.201      0.654   2599.037 

Level 1:                                                                                                      
  lrnprob                             0.023      0.010      0.003      0.043      4.848      0.028   3382.429 
  read1                               0.016      0.006      0.004      0.028      7.123      0.008   2679.087 
  Residual Var.                       1.000      0.000      1.000      1.000        ---        ---        --- 
Thresholds:                                                                                                   
  Tau 1                               0.000      0.000      0.000      0.000        ---        ---        --- 
                                                                                                              
                                ------------------------------------------------------------------------------



Missing predictor:  lrnprob    

Parameters                         Estimate     StdDev       2.5%      97.5%      ChiSq     PValue      N_Eff 
                                ------------------------------------------------------------------------------

Grand Mean                           52.381      0.939     50.535     54.131   3106.344      0.000   1572.270 

Level 1:                                                                                                      
  esl                                 2.495      1.115      0.317      4.640      4.950      0.026   5591.694 
  read1                              -0.047      0.052     -0.150      0.054      0.854      0.355   6566.253 
  Residual Var.                     109.671     14.361     86.167    142.668        ---        ---   7725.233 
                                                                                                              
                                ------------------------------------------------------------------------------



Missing predictor:  read1      

Parameters                         Estimate     StdDev       2.5%      97.5%      ChiSq     PValue      N_Eff 
                                ------------------------------------------------------------------------------

Grand Mean                           86.744      1.723     83.373     90.174   2535.968      0.000    523.287 

Level 1:                                                                                                      
  esl                                 5.499      1.954      1.643      9.204      7.885      0.005   4896.039 
  lrnprob                            -0.155      0.165     -0.489      0.163      0.895      0.344   5099.337 
  Residual Var.                     350.977     46.485    273.355    455.662        ---        ---   6790.524 
                                                                                                              
                                ------------------------------------------------------------------------------



ITERATION HISTORY:

  Chain 1 burn-in started on Jun 17 18:24:30 2026
  Chain 2 burn-in started on Jun 17 18:24:30 2026
  Chain 4 burn-in started on Jun 17 18:24:30 2026
  Chain 3 burn-in started on Jun 17 18:24:30 2026
  Chain 4 burn-in iteration 2500 completed on Jun 17 18:24:31 2026
  Chain 3 burn-in iteration 2500 completed on Jun 17 18:24:31 2026
  Chain 2 burn-in iteration 2500 completed on Jun 17 18:24:31 2026
  Chain 1 burn-in iteration 2500 completed on Jun 17 18:24:31 2026
  Chain 4 burn-in iteration 5000 completed on Jun 17 18:24:31 2026
  Chain 3 burn-in iteration 5000 completed on Jun 17 18:24:31 2026
  Chain 1 burn-in iteration 5000 completed on Jun 17 18:24:31 2026
  Chain 2 burn-in iteration 5000 completed on Jun 17 18:24:31 2026
  Chain 1 burn-in iteration 7500 completed on Jun 17 18:24:31 2026
  Chain 4 burn-in iteration 7500 completed on Jun 17 18:24:31 2026
  Chain 3 burn-in iteration 7500 completed on Jun 17 18:24:31 2026
  Chain 2 burn-in iteration 7500 completed on Jun 17 18:24:31 2026
  Chain 1 burn-in iteration 10000 completed on Jun 17 18:24:31 2026
  Chain 1 completed burn-in on Jun 17 18:24:31 2026
  Chain 3 burn-in iteration 10000 completed on Jun 17 18:24:31 2026
  Chain 3 completed burn-in on Jun 17 18:24:31 2026
  Chain 4 burn-in iteration 10000 completed on Jun 17 18:24:31 2026
  Chain 4 completed burn-in on Jun 17 18:24:31 2026
  Chain 2 burn-in iteration 10000 completed on Jun 17 18:24:31 2026
  Chain 2 completed burn-in on Jun 17 18:24:31 2026
  Chain 1 saved imputation 1 on Jun 17 18:24:31 2026
  Chain 3 saved imputation 3 on Jun 17 18:24:31 2026
  Chain 4 saved imputation 4 on Jun 17 18:24:31 2026
  Chain 2 saved imputation 2 on Jun 17 18:24:31 2026
  Chain 1 completed iteration 625 on Jun 17 18:24:31 2026
  Chain 3 completed iteration 625 on Jun 17 18:24:31 2026
  Chain 4 completed iteration 625 on Jun 17 18:24:31 2026
  Chain 2 completed iteration 625 on Jun 17 18:24:31 2026
  Chain 1 saved imputation 5 on Jun 17 18:24:31 2026
  Chain 3 saved imputation 7 on Jun 17 18:24:31 2026
  Chain 4 saved imputation 8 on Jun 17 18:24:31 2026
  Chain 2 saved imputation 6 on Jun 17 18:24:31 2026
  Chain 1 completed iteration 1250 on Jun 17 18:24:31 2026
  Chain 3 completed iteration 1250 on Jun 17 18:24:31 2026
  Chain 4 completed iteration 1250 on Jun 17 18:24:31 2026
  Chain 2 completed iteration 1250 on Jun 17 18:24:31 2026
  Chain 1 saved imputation 9 on Jun 17 18:24:31 2026
  Chain 3 saved imputation 11 on Jun 17 18:24:31 2026
  Chain 4 saved imputation 12 on Jun 17 18:24:31 2026
  Chain 2 saved imputation 10 on Jun 17 18:24:31 2026
  Chain 1 completed iteration 1875 on Jun 17 18:24:31 2026
  Chain 3 completed iteration 1875 on Jun 17 18:24:31 2026
  Chain 4 completed iteration 1875 on Jun 17 18:24:31 2026
  Chain 2 completed iteration 1875 on Jun 17 18:24:31 2026
  Chain 1 saved imputation 13 on Jun 17 18:24:31 2026
  Chain 3 saved imputation 15 on Jun 17 18:24:31 2026
  Chain 4 saved imputation 16 on Jun 17 18:24:31 2026
  Chain 2 saved imputation 14 on Jun 17 18:24:31 2026
  Chain 1 completed iteration 2500 on Jun 17 18:24:31 2026
  Chain 1 saved imputation 17 on Jun 17 18:24:31 2026
  Chain 1 finished on Jun 17 18:24:31 2026
  Chain 3 completed iteration 2500 on Jun 17 18:24:31 2026
  Chain 3 saved imputation 19 on Jun 17 18:24:31 2026
  Chain 3 finished on Jun 17 18:24:31 2026
  Chain 4 completed iteration 2500 on Jun 17 18:24:31 2026
  Chain 4 saved imputation 20 on Jun 17 18:24:31 2026
  Chain 4 finished on Jun 17 18:24:31 2026
  Chain 2 completed iteration 2500 on Jun 17 18:24:31 2026
  Chain 2 saved imputation 18 on Jun 17 18:24:31 2026
  Chain 2 finished on Jun 17 18:24:31 2026


---------------------------------------------------------------------------

                                   Blimp
                              4.0.5-nightly15

             Blimp was developed with funding from Institute of
           Education Sciences awards R305D150056 and R305D190002.

            Craig K. Enders, P.I. Email: cenders@psych.ucla.edu
           Brian T. Keller, Co-P.I. Email: btkeller@missouri.edu
                 Han Du, Co-P.I. Email: hdu@psych.ucla.edu
                 Roy Levy, Co-P.I. Email: roy.levy@asu.edu

              Programming and Blimp Studio by Brian T. Keller

                   There is no expressed license given.

---------------------------------------------------------------------------


ALGORITHMIC OPTIONS SPECIFIED:

  Imputation method:                 Fully Bayesian model-based
  MCMC algorithm:                    Full conditional Metropolis sampler with
                                       Auto-Derived Conditional Distributions
  Default Priors:
    Multilevel covariance matrices:  Not applicable, single-level imputation
    Outcome covariance matrices:     Zero matrix, df = -(p + 1) (PRIOR2)
    Predictor model variances:       Unit sum of squares, df = 2 (XPRIOR1)
  Chain Starting Values:             Random starting values


  NOTE: The default prior for regression coefficients 
        in categorical models is 'normal( 0.0, 5.0)'

  NOTE: For complete list of priors include 'pinfo' in the options.


BURN-IN POTENTIAL SCALE REDUCTION (PSR) OUTPUT:

  NOTE: Rank-normalized Rhat (Vehtari et al., 2021) is being used.
        This applies rank normalization and chain folding for robust
        convergence detection across all chains.

  Comparing iterations across 4 chains     Highest Rhat   Parameter #  
                          251 to 500             1.048            23  
                          501 to 1000            1.024            19  
                          751 to 1500            1.012             9  
                         1001 to 2000            1.007             2  
                         1251 to 2500            1.011            23  
                         1501 to 3000            1.006            23  
                         1751 to 3500            1.013            23  
                         2001 to 4000            1.013            23  
                         2251 to 4500            1.003            23  
                         2501 to 5000            1.004            23  
                         2751 to 5500            1.004            23  
                         3001 to 6000            1.003            19  
                         3251 to 6500            1.003            19  
                         3501 to 7000            1.005            23  
                         3751 to 7500            1.008            23  
                         4001 to 8000            1.005            23  
                         4251 to 8500            1.002             6  
                         4501 to 9000            1.003            23  
                         4751 to 9500            1.003            23  
                         5001 to 10000           1.005            23  


METROPOLIS-HASTINGS ACCEPTANCE RATES:

  Chain 1:

    Variable                            Type    Probability   Target Value 
    esl                           imputation          0.480          0.500 
    lrnprob                       imputation          0.499          0.500 
    lrnprob                        parameter          0.489          0.500 
    read1                         imputation          0.503          0.500 
    read1                          parameter          0.507          0.500 

  NOTE: Suppressing printing of 3 chains.
        Use keyword 'tuneinfo' in options to override.


DATA INFORMATION:

  Sample Size:              138
  Missing Data Info:

                      Pattern #:       1     2     3     4     5     6     7     8
                          miss % --------------------------------------------------
                    read9 = 17.4       -     M     -     -     -     M     -     M  
                      esl =  5.1       -     -     -     M     -     M     M     -  
                  lrnprob =  2.2       -     -     -     -     M     -     -     -  
                    read1 =  6.5       -     -     M     -     -     -     M     M  
                                 --------------------------------------------------
                                 %  71.7  15.2   5.1   2.9   2.2   1.4   0.7   0.7


MODEL INFORMATION:

  NUMBER OF PARAMETERS
    Outcome Models:         6
    Predictor Models:       11

  PREDICTORS
    Incomplete continuous:  lrnprob read1
    Incomplete ordinal:     esl

  CENTERED PREDICTORS
    Grand Mean Centered:    lrnprob read1

  MODELS
    [1]  read9 ~ Intercept read1 lrnprob esl read1*lrnprob


 WARNING MESSAGES:

  No warning messages.


MODEL FIT:


  INFORMATION CRITERIA

    Conditional Likelihood
      DIC2                  997.299
      WAIC                  1010.572


IMPUTED DATA SUMMARIES:

  NOTE: Imputed data summaries are averaged across 10000 data sets.


Variables                              Mean     StdDev        25%        50%        75%        Min        Max 
                                ------------------------------------------------------------------------------

  read9                              88.251     14.678     80.724     88.594     97.170     40.955    124.072 
  esl                                 0.481      0.501      0.000      0.021      1.000      0.000      1.000 
  lrnprob                            52.330     10.791     45.000     51.000     60.637     30.596     88.011 
  read1                              86.796     19.608     74.135     85.957     99.472     38.831    153.000 

                                ------------------------------------------------------------------------------



CORRELATIONS AMONG RESIDUALS:

  No residual correlations.



OUTCOME MODEL ESTIMATES:

  Summaries based on 10000 iterations using 4 chains.
  NOTE: Estimate column based on posterior median.


Outcome Variable:  read9      

Grand Mean Centered: lrnprob read1


Parameters                         Estimate     StdDev       2.5%      97.5%      ChiSq     PValue      N_Eff 
                                ------------------------------------------------------------------------------
Variances:                      
  Residual Var.                      72.292     10.699     54.796     96.511        ---        ---   4960.645 

Coefficients:                   
  Intercept                          91.766      1.607     88.620     94.922   3258.879      0.000   1183.048 
  read1                               0.578      0.047      0.487      0.671    154.325      0.000   3732.992 
  lrnprob                            -0.298      0.096     -0.483     -0.109      9.751      0.002   2032.136 
  esl                                -7.301      1.796    -10.823     -3.799     16.460      0.000   4730.483 
  read1*lrnprob                       0.015      0.005      0.006      0.024     10.638      0.001   2301.547 

Standard Deviations:            
  Residual SD                         8.502      0.619      7.402      9.824        ---        ---   4945.735 

Standardized Coefficients:      
  read1                               0.763      0.041      0.676      0.835    352.443      0.000   3224.902 
  lrnprob                            -0.217      0.068     -0.346     -0.080     10.082      0.001   2014.038 
  esl                                -0.246      0.059     -0.359     -0.129     17.384      0.000   4588.525 
  read1*lrnprob                       0.201      0.056      0.085      0.307     12.747      0.000   3492.845 

Proportion Variance Explained   
  by Coefficients                     0.672      0.044      0.573      0.747        ---        ---   4862.533 
  by Residual Variation               0.328      0.044      0.253      0.427        ---        ---   4862.533 

                                ------------------------------------------------------------------------------



Conditional Effects                Estimate     StdDev       2.5%      97.5%      ChiSq     PValue      N_Eff 
                                ------------------------------------------------------------------------------
  read1 | lrnprob @ +1 SD                                                                                     
    Intercept                        88.494      2.259     84.107     92.945   1534.830      0.000   1216.106 
    Slope                             0.742      0.076      0.596      0.895     95.504      0.000   2507.469 
                                                                                                              
  read1 | lrnprob @ 0                                                                                         
    Intercept                        91.766      1.607     88.620     94.922   3258.879      0.000   1183.048 
    Slope                             0.578      0.047      0.487      0.671    154.325      0.000   3732.992 
                                                                                                              
  read1 | lrnprob @ -1 SD                                                                                     
    Intercept                        95.016      1.530     92.015     98.061   3857.439      0.000   1870.121 
    Slope                             0.415      0.062      0.288      0.533     44.570      0.000   4505.144 
                                                                                                              
                                ------------------------------------------------------------------------------

                                NOTE: Intercepts are computed by setting all predictors
                                      not involved in the conditional effect to zero.




PREDICTOR MODEL ESTIMATES:

  Summaries based on 10000 iterations using 4 chains.
  NOTE: Estimate column based on posterior median.



Missing predictor:  esl        

Parameters                         Estimate     StdDev       2.5%      97.5%      ChiSq     PValue      N_Eff 
                                ------------------------------------------------------------------------------

Grand Mean                           -0.054      0.117     -0.277      0.184      0.201      0.654   2599.037 

Level 1:                                                                                                      
  lrnprob                             0.023      0.010      0.003      0.043      4.848      0.028   3382.429 
  read1                               0.016      0.006      0.004      0.028      7.123      0.008   2679.087 
  Residual Var.                       1.000      0.000      1.000      1.000        ---        ---        --- 
Thresholds:                                                                                                   
  Tau 1                               0.000      0.000      0.000      0.000        ---        ---        --- 
                                                                                                              
                                ------------------------------------------------------------------------------



Missing predictor:  lrnprob    

Parameters                         Estimate     StdDev       2.5%      97.5%      ChiSq     PValue      N_Eff 
                                ------------------------------------------------------------------------------

Grand Mean                           52.381      0.939     50.535     54.131   3106.344      0.000   1572.270 

Level 1:                                                                                                      
  esl                                 2.495      1.115      0.317      4.640      4.950      0.026   5591.694 
  read1                              -0.047      0.052     -0.150      0.054      0.854      0.355   6566.253 
  Residual Var.                     109.671     14.361     86.167    142.668        ---        ---   7725.233 
                                                                                                              
                                ------------------------------------------------------------------------------



Missing predictor:  read1      

Parameters                         Estimate     StdDev       2.5%      97.5%      ChiSq     PValue      N_Eff 
                                ------------------------------------------------------------------------------

Grand Mean                           86.744      1.723     83.373     90.174   2535.968      0.000    523.287 

Level 1:                                                                                                      
  esl                                 5.499      1.954      1.643      9.204      7.885      0.005   4896.039 
  lrnprob                            -0.155      0.165     -0.489      0.163      0.895      0.344   5099.337 
  Residual Var.                     350.977     46.485    273.355    455.662        ---        ---   6790.524 
                                                                                                              
                                ------------------------------------------------------------------------------


Scale for fill is already present.
Adding another scale for fill, which will replace the existing scale.
Wrote:
  /Users/craig/Dropbox/Research/Applied Data Modeling in Blimp/Figures/Figure 4.2.pdf
  /Users/craig/Dropbox/Research/Applied Data Modeling in Blimp/Figures/Figure 4.2.png
